\BOOKMARK [0][-]{chapter.1}{\376\377\000T\000r\000a\000i\000t\000e\000m\000e\000n\000t\000\040\000d\000e\000\040\000l\000i\000s\000t\000e}{}% 1
\BOOKMARK [1][-]{section.1.1}{\376\377\000L\000i\000s\000t\000e\000s\000\040\000L\000i\000s\000p}{chapter.1}% 2
\BOOKMARK [2][-]{subsection.1.1.1}{\376\377\000A\000t\000o\000m\000e\000s\000\040\000L\000i\000s\000p}{section.1.1}% 3
\BOOKMARK [2][-]{subsection.1.1.2}{\376\377\000E\000s\000p\000a\000c\000e\000s\000\040\000d\000a\000n\000s\000\040\000l\000e\000s\000\040\000l\000i\000s\000t\000e\000s}{section.1.1}% 4
\BOOKMARK [2][-]{subsection.1.1.3}{\376\377\000G\000N\000U\000\040\000E\000m\000a\000c\000s\000\040\000v\000o\000u\000s\000\040\000a\000i\000d\000e\000\040\000\340\000\040\000t\000a\000p\000e\000r\000\040\000l\000e\000s\000\040\000l\000i\000s\000t\000e\000s}{section.1.1}% 5
\BOOKMARK [1][-]{section.1.2}{\376\377\000L\000a\000n\000c\000e\000r\000\040\000u\000n\000\040\000p\000r\000o\000g\000r\000a\000m\000m\000e}{chapter.1}% 6
\BOOKMARK [1][-]{section.1.3}{\376\377\000G\000\351\000n\000\351\000r\000e\000r\000\040\000u\000n\000\040\000m\000e\000s\000s\000a\000g\000e\000\040\000d\000'\000e\000r\000r\000e\000u\000r}{chapter.1}% 7
\BOOKMARK [1][-]{section.1.4}{\376\377\000N\000o\000m\000s\000\040\000d\000e\000\040\000s\000y\000m\000b\000o\000l\000e\000s\000\040\000e\000t\000\040\000n\000o\000m\000s\000\040\000d\000e\000\040\000f\000o\000n\000c\000t\000i\000o\000n\000s}{chapter.1}% 8
\BOOKMARK [1][-]{section.1.5}{\376\377\000I\000n\000t\000e\000r\000p\000r\000\351\000t\000e\000u\000r\000\040\000L\000i\000s\000p}{chapter.1}% 9
\BOOKMARK [2][-]{subsection.1.5.1}{\376\377\000C\000o\000m\000p\000i\000l\000a\000t\000i\000o\000n\000\040\000d\000'\000o\000c\000t\000e\000t}{section.1.5}% 10
\BOOKMARK [1][-]{section.1.6}{\376\377\000\311\000v\000a\000l\000u\000a\000t\000i\000o\000n}{chapter.1}% 11
\BOOKMARK [2][-]{subsection.1.6.1}{\376\377\000\311\000v\000a\000l\000u\000a\000t\000i\000o\000n\000\040\000d\000e\000s\000\040\000l\000i\000s\000t\000e\000s\000\040\000i\000n\000t\000e\000r\000n\000e\000s}{section.1.6}% 12
\BOOKMARK [1][-]{section.1.7}{\376\377\000V\000a\000r\000i\000a\000b\000l\000e\000s}{chapter.1}% 13
\BOOKMARK [2][-]{subsection.1.7.1}{\376\377\000M\000e\000s\000s\000a\000g\000e\000\040\000d\000'\000e\000r\000r\000e\000u\000r\000\040\000p\000o\000u\000r\000\040\000u\000n\000\040\000s\000y\000m\000b\000o\000l\000e\000\040\000s\000a\000n\000s\000\040\000f\000o\000n\000c\000t\000i\000o\000n}{section.1.7}% 14
\BOOKMARK [2][-]{subsection.1.7.2}{\376\377\000M\000e\000s\000s\000a\000g\000e\000\040\000d\000'\000e\000r\000r\000e\000u\000r\000\040\000p\000o\000u\000r\000\040\000u\000n\000\040\000s\000y\000m\000b\000o\000l\000e\000\040\000s\000a\000n\000s\000\040\000v\000a\000l\000e\000u\000r}{section.1.7}% 15
\BOOKMARK [1][-]{section.1.8}{\376\377\000A\000r\000g\000u\000m\000e\000n\000t\000s}{chapter.1}% 16
\BOOKMARK [2][-]{subsection.1.8.1}{\376\377\000A\000r\000g\000u\000m\000e\000n\000t\000s\000\040\000d\000e\000s\000\040\000t\000y\000p\000e\000s\000\040\000d\000e\000\040\000d\000o\000n\000n\000\351\000e\000s}{section.1.8}% 17
\BOOKMARK [2][-]{subsection.1.8.2}{\376\377\000U\000n\000\040\000a\000r\000g\000u\000m\000e\000n\000t\000\040\000c\000o\000m\000m\000e\000\040\000l\000a\000\040\000v\000a\000l\000e\000u\000r\000\040\000d\000'\000u\000n\000e\000\040\000v\000a\000r\000i\000a\000b\000l\000e\000\040\000o\000u\000\040\000d\000'\000u\000n\000e\000\040\000l\000i\000s\000t\000e}{section.1.8}% 18
\BOOKMARK [2][-]{subsection.1.8.3}{\376\377\000N\000o\000m\000b\000r\000e\000\040\000v\000a\000r\000i\000a\000b\000l\000e\000\040\000d\000'\000a\000r\000g\000u\000m\000e\000n\000t\000s}{section.1.8}% 19
\BOOKMARK [2][-]{subsection.1.8.4}{\376\377\000U\000t\000i\000l\000i\000s\000e\000r\000\040\000l\000e\000\040\000m\000a\000u\000v\000a\000i\000s\000\040\000t\000y\000p\000e\000\040\000d\000'\000o\000b\000j\000e\000t\000\040\000p\000o\000u\000r\000\040\000u\000n\000\040\000a\000r\000g\000u\000m\000e\000n\000t}{section.1.8}% 20
\BOOKMARK [2][-]{subsection.1.8.5}{\376\377\000L\000a\000\040\000f\000o\000n\000c\000t\000i\000o\000n\000\040\000m\000e\000s\000s\000a\000g\000e}{section.1.8}% 21
\BOOKMARK [1][-]{section.1.9}{\376\377\000I\000n\000i\000t\000i\000a\000l\000i\000s\000a\000t\000i\000o\000n\000\040\000d\000e\000\040\000v\000a\000r\000i\000a\000b\000l\000e}{chapter.1}% 22
\BOOKMARK [2][-]{subsection.1.9.1}{\376\377\000U\000t\000i\000l\000i\000s\000a\000t\000i\000o\000n\000\040\000d\000e\000\040\000s\000e\000t}{section.1.9}% 23
\BOOKMARK [2][-]{subsection.1.9.2}{\376\377\000U\000t\000i\000l\000i\000s\000a\000t\000i\000o\000n\000\040\000d\000e\000\040\000s\000e\000t\000q}{section.1.9}% 24
\BOOKMARK [2][-]{subsection.1.9.3}{\376\377\000C\000o\000m\000p\000t\000e\000u\000r\000s}{section.1.9}% 25
\BOOKMARK [1][-]{section.1.10}{\376\377\000R\000\351\000s\000u\000m\000\351}{chapter.1}% 26
\BOOKMARK [1][-]{section.1.11}{\376\377\000E\000x\000e\000r\000c\000i\000c\000e\000s}{chapter.1}% 27
\BOOKMARK [0][-]{chapter.2}{\376\377\000\311\000v\000a\000l\000u\000a\000t\000i\000o\000n\000\040\000p\000r\000a\000t\000i\000q\000u\000e}{}% 28
\BOOKMARK [1][-]{section.2.1}{\376\377\000N\000o\000m\000s\000\040\000d\000e\000s\000\040\000t\000a\000m\000p\000o\000n\000s}{chapter.2}% 29
\BOOKMARK [1][-]{section.2.2}{\376\377\000O\000b\000t\000e\000n\000i\000r\000\040\000u\000n\000\040\000t\000a\000m\000p\000o\000n}{chapter.2}% 30
\BOOKMARK [1][-]{section.2.3}{\376\377\000C\000h\000a\000n\000g\000e\000r\000\040\000d\000e\000\040\000t\000a\000m\000p\000o\000n}{chapter.2}% 31
\BOOKMARK [1][-]{section.2.4}{\376\377\000T\000a\000i\000l\000l\000e\000\040\000d\000u\000\040\000t\000a\000m\000p\000o\000n\000\040\000e\000t\000\040\000l\000o\000c\000a\000l\000i\000s\000a\000t\000i\000o\000n\000\040\000d\000u\000\040\000p\000o\000i\000n\000t}{chapter.2}% 32
\BOOKMARK [1][-]{section.2.5}{\376\377\000E\000x\000e\000r\000c\000i\000c\000e}{chapter.2}% 33
\BOOKMARK [0][-]{chapter.3}{\376\377\000C\000o\000m\000m\000e\000n\000t\000\040\000\351\000c\000r\000i\000r\000e\000\040\000d\000e\000s\000\040\000d\000\351\000f\000i\000n\000i\000t\000i\000o\000n\000s\000\040\000d\000e\000\040\000f\000o\000n\000c\000t\000i\000o\000n\000s}{}% 34
\BOOKMARK [1][-]{section.3.1}{\376\377\000L\000a\000\040\000f\000o\000r\000m\000e\000\040\000s\000p\000\351\000c\000i\000a\000l\000e\000\040\000d\000e\000f\000u\000n}{chapter.3}% 35
\BOOKMARK [1][-]{section.3.2}{\376\377\000I\000n\000s\000t\000a\000l\000l\000e\000r\000\040\000u\000n\000e\000\040\000d\000\351\000f\000i\000n\000i\000t\000i\000o\000n\000\040\000d\000e\000\040\000f\000o\000n\000c\000t\000i\000o\000n}{chapter.3}% 36
\BOOKMARK [2][-]{subsection.3.2.1}{\376\377\000C\000h\000a\000n\000g\000e\000r\000\040\000u\000n\000e\000\040\000d\000\351\000f\000i\000n\000i\000t\000i\000o\000n\000\040\000d\000e\000\040\000f\000o\000n\000c\000t\000i\000o\000n}{section.3.2}% 37
\BOOKMARK [1][-]{section.3.3}{\376\377\000R\000e\000n\000d\000r\000e\000\040\000u\000n\000e\000\040\000f\000o\000n\000c\000t\000i\000o\000n\000\040\000i\000n\000t\000\351\000r\000a\000c\000t\000i\000v\000e}{chapter.3}% 38
\BOOKMARK [2][-]{subsection.3.3.1}{\376\377\000U\000n\000e\000\040\000i\000n\000t\000\351\000r\000a\000c\000t\000i\000v\000e\000\040\000m\000u\000l\000t\000i\000p\000l\000y\000-\000b\000y\000-\000s\000e\000v\000e\000n}{section.3.3}% 39
\BOOKMARK [1][-]{section.3.4}{\376\377\000D\000i\000f\000f\000\351\000r\000e\000n\000t\000e\000s\000\040\000o\000p\000t\000i\000o\000n\000s\000\040\000p\000o\000u\000r\000\040\000i\000n\000t\000e\000r\000a\000c\000t\000i\000v\000e}{chapter.3}% 40
\BOOKMARK [1][-]{section.3.5}{\376\377\000I\000n\000s\000t\000a\000l\000l\000e\000r\000\040\000d\000u\000\040\000c\000o\000d\000e\000\040\000d\000e\000\040\000f\000a\000\347\000o\000n\000\040\000p\000e\000r\000m\000a\000n\000e\000n\000t\000e}{chapter.3}% 41
\BOOKMARK [1][-]{section.3.6}{\376\377\000l\000e\000t}{chapter.3}% 42
\BOOKMARK [2][-]{subsection.3.6.1}{\376\377\000L\000e\000s\000\040\000p\000a\000r\000t\000i\000e\000s\000\040\000d\000'\000u\000n\000e\000\040\000e\000x\000p\000r\000e\000s\000s\000i\000o\000n\000\040\000l\000e\000t}{section.3.6}% 43
\BOOKMARK [2][-]{subsection.3.6.2}{\376\377\000\311\000c\000h\000a\000n\000t\000i\000l\000l\000o\000n\000\040\000d\000'\000e\000x\000p\000r\000e\000s\000s\000i\000o\000n\000\040\000l\000e\000t}{section.3.6}% 44
\BOOKMARK [2][-]{subsection.3.6.3}{\376\377\000V\000a\000r\000i\000a\000b\000l\000e\000s\000\040\000n\000o\000n\000\040\000i\000n\000i\000t\000i\000a\000l\000i\000s\000\351\000e\000s\000\040\000d\000a\000n\000s\000\040\000u\000n\000e\000\040\000i\000n\000s\000t\000r\000u\000c\000t\000i\000o\000n\000\040\000l\000e\000t}{section.3.6}% 45
\BOOKMARK [1][-]{section.3.7}{\376\377\000L\000a\000\040\000f\000o\000r\000m\000e\000\040\000s\000p\000\351\000c\000i\000a\000l\000e\000\040\000i\000f}{chapter.3}% 46
\BOOKMARK [2][-]{subsection.3.7.1}{\376\377\000L\000a\000\040\000f\000o\000n\000c\000t\000i\000o\000n\000\040\000t\000y\000p\000e\000-\000o\000f\000-\000a\000n\000i\000m\000a\000l\000\040\000e\000n\000\040\000d\000\351\000t\000a\000i\000l}{section.3.7}% 47
\BOOKMARK [1][-]{section.3.8}{\376\377\000L\000e\000s\000\040\000e\000x\000p\000r\000e\000s\000s\000i\000o\000n\000s\000\040\000I\000f\000-\000t\000h\000e\000n\000-\000e\000l\000s\000e}{chapter.3}% 48
\BOOKMARK [1][-]{section.3.9}{\376\377\000V\000\351\000r\000i\000t\000\351\000\040\000e\000t\000\040\000f\000a\000u\000s\000s\000e\000t\000\351\000\040\000d\000a\000n\000s\000\040\000E\000m\000a\000c\000s\000\040\000L\000i\000s\000p}{chapter.3}% 49
\BOOKMARK [1][-]{section.3.10}{\376\377\000s\000a\000v\000e\000-\000e\000x\000c\000u\000r\000s\000i\000o\000n}{chapter.3}% 50
\BOOKMARK [2][-]{subsection.3.10.1}{\376\377\000M\000o\000d\000\350\000l\000e\000\040\000p\000o\000u\000r\000\040\000u\000n\000e\000\040\000e\000x\000p\000r\000e\000s\000s\000i\000o\000n\000\040\000s\000a\000v\000e\000-\000e\000x\000c\000u\000r\000s\000i\000o\000n}{section.3.10}% 51
\BOOKMARK [1][-]{section.3.11}{\376\377\000R\000a\000p\000p\000e\000l\000s}{chapter.3}% 52
\BOOKMARK [1][-]{section.3.12}{\376\377\000E\000x\000e\000r\000c\000i\000c\000e\000s}{chapter.3}% 53
\BOOKMARK [0][-]{chapter.4}{\376\377\000Q\000u\000e\000l\000q\000u\000e\000s\000\040\000f\000o\000n\000c\000t\000i\000o\000n\000s\000\040\000l\000i\000\351\000e\000s\000\040\000a\000u\000x\000\040\000t\000a\000m\000p\000o\000n\000s}{}% 54
\BOOKMARK [1][-]{section.4.1}{\376\377\000T\000r\000o\000u\000v\000e\000r\000\040\000p\000l\000u\000s\000\040\000d\000'\000i\000n\000f\000o\000r\000m\000a\000t\000i\000o\000n}{chapter.4}% 55
\BOOKMARK [1][-]{section.4.2}{\376\377\000U\000n\000e\000\040\000d\000\351\000f\000i\000n\000i\000t\000i\000o\000n\000\040\000p\000l\000u\000s\000\040\000s\000i\000m\000p\000l\000e\000\040\000d\000e\000\040\000b\000e\000g\000i\000n\000n\000i\000n\000g\000-\000o\000f\000-\000b\000u\000f\000f\000e\000r}{chapter.4}% 56
\BOOKMARK [1][-]{section.4.3}{\376\377\000L\000a\000\040\000d\000\351\000f\000i\000n\000i\000t\000i\000o\000n\000\040\000d\000e\000\040\000m\000a\000r\000k\000-\000w\000h\000o\000l\000e\000-\000b\000u\000f\000f\000e\000r}{chapter.4}% 57
\BOOKMARK [2][-]{subsection.4.3.1}{\376\377\000C\000o\000r\000p\000s\000\040\000d\000e\000\040\000m\000a\000r\000k\000-\000w\000h\000o\000l\000e\000-\000b\000u\000f\000f\000e\000r}{section.4.3}% 58
\BOOKMARK [1][-]{section.4.4}{\376\377\000L\000a\000\040\000d\000\351\000f\000i\000n\000i\000t\000i\000o\000n\000\040\000d\000e\000\040\000a\000p\000p\000e\000n\000d\000-\000t\000o\000-\000b\000u\000f\000f\000e\000r}{chapter.4}% 59
\BOOKMARK [2][-]{subsection.4.4.1}{\376\377\000L\000'\000e\000x\000p\000r\000e\000s\000s\000i\000o\000n\000\040\000i\000n\000t\000\351\000r\000a\000c\000t\000i\000v\000e\000\040\000d\000e\000\040\000a\000p\000p\000e\000n\000d\000-\000t\000o\000-\000b\000u\000f\000f\000e\000r}{section.4.4}% 60
\BOOKMARK [2][-]{subsection.4.4.2}{\376\377\000L\000e\000\040\000c\000o\000r\000p\000s\000\040\000d\000e\000\040\000a\000p\000p\000e\000n\000d\000-\000t\000o\000-\000b\000u\000f\000f\000e\000r}{section.4.4}% 61
\BOOKMARK [2][-]{subsection.4.4.3}{\376\377\000s\000a\000v\000e\000-\000e\000x\000c\000u\000r\000s\000i\000o\000n\000\040\000d\000a\000n\000s\000\040\000a\000p\000p\000e\000n\000d\000-\000t\000o\000-\000b\000u\000f\000f\000e\000r}{section.4.4}% 62
\BOOKMARK [1][-]{section.4.5}{\376\377\000R\000a\000p\000p\000e\000l\000s}{chapter.4}% 63
\BOOKMARK [1][-]{section.4.6}{\376\377\000E\000x\000e\000r\000c\000i\000c\000e\000s}{chapter.4}% 64
\BOOKMARK [0][-]{chapter.5}{\376\377\000Q\000u\000e\000l\000q\000u\000e\000s\000\040\000f\000o\000n\000c\000t\000i\000o\000n\000s\000\040\000c\000o\000m\000p\000l\000e\000x\000e\000s}{}% 65
\BOOKMARK [1][-]{section.5.1}{\376\377\000L\000a\000\040\000d\000\351\000f\000i\000n\000i\000t\000i\000o\000n\000\040\000d\000e\000\040\000c\000o\000p\000y\000-\000t\000o\000-\000b\000u\000f\000f\000e\000r}{chapter.5}% 66
\BOOKMARK [1][-]{section.5.2}{\376\377\000L\000a\000\040\000d\000\351\000f\000i\000n\000i\000t\000i\000o\000n\000\040\000d\000e\000\040\000i\000n\000s\000e\000r\000t\000-\000b\000u\000f\000f\000e\000r}{chapter.5}% 67
\BOOKMARK [2][-]{subsection.5.2.1}{\376\377\000L\000'\000e\000x\000p\000r\000e\000s\000s\000i\000o\000n\000\040\000i\000n\000t\000\351\000r\000a\000c\000t\000i\000v\000e\000\040\000d\000a\000n\000s\000\040\000i\000n\000s\000e\000r\000t\000-\000b\000u\000f\000f\000e\000r}{section.5.2}% 68
\BOOKMARK [2][-]{subsection.5.2.2}{\376\377\000L\000e\000\040\000c\000o\000r\000p\000s\000\040\000d\000e\000\040\000l\000a\000\040\000f\000o\000n\000c\000t\000i\000o\000n\000\040\000i\000n\000s\000e\000r\000t\000-\000b\000u\000f\000f\000e\000r}{section.5.2}% 69
\BOOKMARK [2][-]{subsection.5.2.3}{\376\377\000i\000n\000s\000e\000r\000t\000-\000b\000u\000f\000f\000e\000r\000\040\000a\000v\000e\000c\000\040\000i\000f\000\040\000a\000u\000\040\000l\000i\000e\000u\000\040\000d\000e\000\040\000o\000r}{section.5.2}% 70
\BOOKMARK [2][-]{subsection.5.2.4}{\376\377\000L\000e\000\040\000o\000r\000\040\000d\000a\000n\000s\000\040\000l\000e\000\040\000c\000o\000r\000p\000s}{section.5.2}% 71
\BOOKMARK [2][-]{subsection.5.2.5}{\376\377\000L\000'\000e\000x\000p\000r\000e\000s\000s\000i\000o\000n\000\040\000l\000e\000t\000\040\000d\000a\000n\000s\000\040\000i\000n\000s\000e\000r\000t\000-\000b\000u\000f\000f\000e\000r}{section.5.2}% 72
\BOOKMARK [2][-]{subsection.5.2.6}{\376\377\000N\000o\000u\000v\000e\000a\000u\000\040\000c\000o\000r\000p\000s\000\040\000p\000o\000u\000r\000\040\000i\000n\000s\000e\000r\000t\000-\000b\000u\000f\000f\000e\000r}{section.5.2}% 73
\BOOKMARK [1][-]{section.5.3}{\376\377\000D\000\351\000f\000i\000n\000i\000t\000i\000o\000n\000\040\000c\000o\000m\000p\000l\000\350\000t\000e\000\040\000d\000e\000\040\000b\000e\000g\000i\000n\000n\000i\000n\000g\000-\000o\000f\000-\000b\000u\000f\000f\000e\000r}{chapter.5}% 74
\BOOKMARK [2][-]{subsection.5.3.1}{\376\377\000A\000r\000g\000u\000m\000e\000n\000t\000s\000\040\000o\000p\000t\000i\000o\000n\000n\000e\000l\000s}{section.5.3}% 75
\BOOKMARK [2][-]{subsection.5.3.2}{\376\377\000b\000e\000g\000i\000n\000n\000i\000n\000g\000-\000o\000f\000-\000b\000u\000f\000f\000e\000r\000\040\000a\000v\000e\000c\000\040\000u\000n\000\040\000a\000r\000g\000u\000m\000e\000n\000t}{section.5.3}% 76
\BOOKMARK [2][-]{subsection.5.3.3}{\376\377\000L\000a\000\040\000c\000o\000m\000p\000l\000\350\000t\000e\000\040\000b\000e\000g\000i\000n\000n\000i\000n\000g\000-\000o\000f\000-\000b\000u\000f\000f\000e\000r}{section.5.3}% 77
\BOOKMARK [1][-]{section.5.4}{\376\377\000R\000a\000p\000p\000e\000l\000s}{chapter.5}% 78
\BOOKMARK [1][-]{section.5.5}{\376\377\000E\000x\000e\000r\000c\000i\000c\000e\000\040\000d\000'\000a\000r\000g\000u\000m\000e\000n\000t\000\040\000o\000p\000t\000i\000o\000n\000n\000e\000l}{chapter.5}% 79
\BOOKMARK [0][-]{chapter.6}{\376\377\000R\000\351\000d\000u\000c\000t\000i\000o\000n\000\040\000e\000t\000\040\000a\000g\000r\000a\000n\000d\000i\000s\000s\000e\000m\000e\000n\000t}{}% 80
\BOOKMARK [1][-]{section.6.1}{\376\377\000L\000a\000\040\000f\000o\000r\000m\000e\000\040\000s\000p\000\351\000c\000i\000a\000l\000e\000\040\000d\000e\000\040\000s\000a\000v\000e\000-\000r\000e\000s\000t\000r\000i\000c\000t\000i\000o\000n}{chapter.6}% 81
\BOOKMARK [1][-]{section.6.2}{\376\377\000w\000h\000a\000t\000-\000l\000i\000n\000e}{chapter.6}% 82
\BOOKMARK [1][-]{section.6.3}{\376\377\000E\000x\000e\000r\000c\000i\000c\000e\000\040\000a\000v\000e\000c\000\040\000r\000\351\000d\000u\000c\000t\000i\000o\000n}{chapter.6}% 83
\BOOKMARK [0][-]{chapter.7}{\376\377\000c\000a\000r\000,\000\040\000c\000d\000r\000,\000\040\000c\000o\000n\000s\000:\000\040\000F\000o\000n\000c\000t\000i\000o\000n\000s\000\040\000F\000o\000n\000d\000a\000m\000e\000n\000t\000a\000l\000e\000s}{}% 84
\BOOKMARK [1][-]{section.7.1}{\376\377\000c\000a\000r\000\040\000e\000t\000\040\000c\000d\000r}{chapter.7}% 85
\BOOKMARK [1][-]{section.7.2}{\376\377\000c\000o\000n\000s}{chapter.7}% 86
\BOOKMARK [2][-]{subsection.7.2.1}{\376\377\000T\000r\000o\000u\000v\000e\000r\000\040\000l\000a\000\040\000l\000o\000n\000g\000u\000e\000u\000r\000\040\000d\000'\000u\000n\000e\000\040\000l\000i\000s\000t\000e\000\040\000:\000\040\000l\000e\000n\000g\000t\000h}{section.7.2}% 87
\BOOKMARK [1][-]{section.7.3}{\376\377\000n\000t\000h\000c\000d\000r}{chapter.7}% 88
\BOOKMARK [1][-]{section.7.4}{\376\377\000n\000t\000h}{chapter.7}% 89
\BOOKMARK [1][-]{section.7.5}{\376\377\000s\000e\000t\000c\000a\000r}{chapter.7}% 90
\BOOKMARK [1][-]{section.7.6}{\376\377\000s\000e\000t\000c\000d\000r}{chapter.7}% 91
\BOOKMARK [1][-]{section.7.7}{\376\377\000E\000x\000e\000r\000c\000i\000c\000e}{chapter.7}% 92
\BOOKMARK [0][-]{chapter.8}{\376\377\000C\000o\000u\000p\000e\000r\000\040\000e\000t\000\040\000s\000t\000o\000c\000k\000e\000r\000\040\000d\000u\000\040\000t\000e\000x\000t\000e}{}% 93
\BOOKMARK [1][-]{section.8.1}{\376\377\000z\000a\000p\000-\000t\000o\000-\000c\000h\000a\000r}{chapter.8}% 94
\BOOKMARK [2][-]{subsection.8.1.1}{\376\377\000L\000'\000e\000x\000p\000r\000e\000s\000s\000i\000o\000n\000\040\000i\000n\000t\000e\000r\000a\000c\000t\000i\000v\000e}{section.8.1}% 95
\BOOKMARK [2][-]{subsection.8.1.2}{\376\377\000L\000e\000\040\000c\000o\000r\000p\000s\000\040\000d\000e\000\040\000z\000a\000p\000-\000t\000o\000-\000c\000h\000a\000r}{section.8.1}% 96
\BOOKMARK [2][-]{subsection.8.1.3}{\376\377\000L\000a\000\040\000f\000o\000n\000c\000t\000i\000o\000n\000\040\000s\000e\000a\000r\000c\000h\000-\000f\000o\000r\000w\000a\000r\000d}{section.8.1}% 97
\BOOKMARK [2][-]{subsection.8.1.4}{\376\377\000L\000a\000\040\000f\000o\000r\000m\000e\000\040\000s\000p\000\351\000c\000i\000a\000l\000e\000\040\000p\000r\000o\000g\000n}{section.8.1}% 98
\BOOKMARK [1][-]{section.8.2}{\376\377\000k\000i\000l\000l\000-\000r\000e\000g\000i\000o\000n}{chapter.8}% 99
\BOOKMARK [2][-]{subsection.8.2.1}{\376\377\000c\000o\000n\000d\000i\000t\000i\000o\000n\000-\000c\000a\000s\000e}{section.8.2}% 100
\BOOKMARK [2][-]{subsection.8.2.2}{\376\377\000M\000a\000c\000r\000o\000\040\000L\000i\000s\000p}{section.8.2}% 101
\BOOKMARK [1][-]{section.8.3}{\376\377\000c\000o\000p\000y\000-\000r\000e\000g\000i\000o\000n\000-\000a\000s\000-\000k\000i\000l\000l}{chapter.8}% 102
\BOOKMARK [2][-]{subsection.8.3.1}{\376\377\000L\000e\000\040\000c\000o\000r\000p\000s\000\040\000d\000e\000\040\000c\000o\000p\000y\000-\000r\000e\000g\000i\000o\000n\000-\000a\000s\000-\000k\000i\000l\000l}{section.8.3}% 103
\BOOKMARK [1][-]{section.8.4}{\376\377\000D\000i\000s\000g\000r\000e\000s\000s\000i\000o\000n\000\040\000e\000n\000\040\000C}{chapter.8}% 104
\BOOKMARK [1][-]{section.8.5}{\376\377\000I\000n\000i\000t\000i\000a\000l\000i\000s\000a\000t\000i\000o\000n\000\040\000d\000'\000u\000n\000e\000\040\000v\000a\000r\000i\000a\000b\000l\000e\000\040\000a\000v\000e\000c\000\040\000d\000e\000f\000v\000a\000r}{chapter.8}% 105
\BOOKMARK [2][-]{subsection.8.5.1}{\376\377\000d\000e\000f\000v\000a\000r\000\040\000e\000t\000\040\000u\000n\000e\000\040\000a\000s\000t\000\351\000r\000i\000s\000q\000u\000e}{section.8.5}% 106
\BOOKMARK [1][-]{section.8.6}{\376\377\000R\000a\000p\000p\000e\000l\000s}{chapter.8}% 107
\BOOKMARK [1][-]{section.8.7}{\376\377\000E\000x\000e\000r\000c\000i\000c\000e\000s\000\040\000d\000e\000\040\000r\000e\000c\000h\000e\000r\000c\000h\000e\000s}{chapter.8}% 108
\BOOKMARK [0][-]{chapter.9}{\376\377\000C\000o\000m\000m\000e\000n\000t\000\040\000l\000e\000s\000\040\000l\000i\000s\000t\000e\000s\000\040\000s\000o\000n\000t\000\040\000i\000m\000p\000l\000\351\000m\000e\000n\000t\000\351\000e\000s}{}% 109
\BOOKMARK [1][-]{section.9.1}{\376\377\000S\000y\000m\000b\000o\000l\000e\000s\000\040\000e\000n\000\040\000t\000a\000n\000t\000\040\000q\000u\000e\000\040\000c\000o\000m\000m\000o\000d\000e}{chapter.9}% 110
\BOOKMARK [1][-]{section.9.2}{\376\377\000E\000x\000e\000r\000c\000i\000c\000e}{chapter.9}% 111
\BOOKMARK [0][-]{chapter.10}{\376\377\000R\000\351\000c\000u\000p\000\351\000r\000a\000t\000i\000o\000n\000\040\000d\000u\000\040\000t\000e\000x\000t\000e}{}% 112
\BOOKMARK [1][-]{section.10.1}{\376\377\000K\000i\000l\000l\000\040\000r\000i\000n\000g\000\040\000o\000v\000e\000r\000v\000i\000e\000w}{chapter.10}% 113
\BOOKMARK [1][-]{section.10.2}{\376\377\000L\000a\000\040\000v\000a\000r\000i\000a\000b\000l\000e\000\040\000k\000i\000l\000l\000-\000r\000i\000n\000g\000-\000y\000a\000n\000k\000-\000p\000o\000i\000n\000t\000e\000r}{chapter.10}% 114
\BOOKMARK [1][-]{section.10.3}{\376\377\000E\000x\000e\000r\000c\000i\000c\000e\000s\000\040\000a\000v\000e\000c\000\040\000y\000a\000n\000k\000\040\000e\000t\000\040\000n\000t\000h\000c\000d\000r}{chapter.10}% 115
\BOOKMARK [0][-]{chapter.11}{\376\377\000B\000o\000u\000c\000l\000e\000s\000\040\000e\000t\000\040\000r\000\351\000c\000u\000r\000s\000i\000v\000i\000t\000\351}{}% 116
\BOOKMARK [1][-]{section.11.1}{\376\377\000w\000h\000i\000l\000e}{chapter.11}% 117
\BOOKMARK [2][-]{subsection.11.1.1}{\376\377\000U\000n\000e\000\040\000b\000o\000u\000c\000l\000e\000\040\000w\000h\000i\000l\000e\000\040\000e\000t\000\040\000u\000n\000e\000\040\000l\000i\000s\000t\000e}{section.11.1}% 118
\BOOKMARK [2][-]{subsection.11.1.2}{\376\377\000U\000n\000\040\000e\000x\000e\000m\000p\000l\000e\000:\000\040\000p\000r\000i\000n\000t\000-\000e\000l\000e\000m\000e\000n\000t\000s\000-\000o\000f\000-\000l\000i\000s\000t}{section.11.1}% 119
\BOOKMARK [2][-]{subsection.11.1.3}{\376\377\000U\000n\000e\000\040\000b\000o\000u\000c\000l\000e\000\040\000a\000v\000e\000c\000\040\000u\000n\000\040\000c\000o\000m\000p\000t\000e\000u\000r\000\040\000d\000'\000i\000n\000c\000r\000\351\000m\000e\000n\000t\000a\000t\000i\000o\000n}{section.11.1}% 120
\BOOKMARK [2][-]{subsection.11.1.4}{\376\377\000U\000n\000e\000\040\000b\000o\000u\000c\000l\000e\000\040\000a\000v\000e\000c\000\040\000u\000n\000\040\000c\000o\000m\000p\000t\000e\000u\000r\000\040\000d\000e\000\040\000d\000\351\000c\000r\000\351\000m\000e\000n\000t\000a\000t\000i\000o\000n}{section.11.1}% 121
\BOOKMARK [1][-]{section.11.2}{\376\377\000\311\000c\000o\000n\000o\000m\000i\000s\000e\000z\000\040\000v\000o\000t\000r\000e\000\040\000t\000e\000m\000p\000s\000:\000\040\000d\000o\000l\000i\000s\000t\000\040\000e\000t\000\040\000d\000o\000t\000i\000m\000e\000s}{chapter.11}% 122
\BOOKMARK [1][-]{section.11.3}{\376\377\000R\000\351\000c\000u\000r\000s\000i\000v\000i\000t\000\351}{chapter.11}% 123
\BOOKMARK [2][-]{subsection.11.3.1}{\376\377\000C\000o\000n\000s\000t\000r\000u\000c\000t\000i\000o\000n\000\040\000d\000e\000\040\000r\000o\000b\000o\000t\000s\000\040\000:\000\040\000e\000x\000t\000e\000n\000s\000i\000o\000n\000\040\000d\000e\000\040\000l\000a\000\040\000m\000\351\000t\000a\000p\000h\000o\000r\000e}{section.11.3}% 124
\BOOKMARK [2][-]{subsection.11.3.2}{\376\377\000L\000e\000s\000\040\000p\000a\000r\000t\000i\000e\000s\000\040\000d\000'\000u\000n\000e\000\040\000d\000\351\000f\000i\000n\000i\000t\000i\000o\000n\000\040\000r\000\351\000c\000u\000r\000s\000i\000v\000e}{section.11.3}% 125
\BOOKMARK [2][-]{subsection.11.3.3}{\376\377\000R\000\351\000c\000u\000r\000s\000i\000v\000i\000t\000\351\000\040\000a\000v\000e\000c\000\040\000u\000n\000e\000\040\000l\000i\000s\000t\000e}{section.11.3}% 126
\BOOKMARK [2][-]{subsection.11.3.4}{\376\377\000R\000\351\000c\000u\000r\000s\000i\000v\000i\000t\000\351\000\040\000a\000u\000\040\000l\000i\000e\000u\000\040\000d\000'\000i\000t\000\351\000r\000a\000t\000i\000o\000n\000s}{section.11.3}% 127
\BOOKMARK [2][-]{subsection.11.3.5}{\376\377\000E\000x\000e\000m\000p\000l\000e\000\040\000d\000e\000\040\000r\000\351\000c\000u\000r\000s\000i\000v\000i\000t\000\351\000\040\000u\000t\000i\000l\000i\000s\000a\000n\000t\000\040\000c\000o\000n\000d}{section.11.3}% 128
\BOOKMARK [2][-]{subsection.11.3.6}{\376\377\000M\000a\000s\000q\000u\000e\000s\000\040\000r\000\351\000c\000u\000r\000s\000i\000f\000s}{section.11.3}% 129
\BOOKMARK [2][-]{subsection.11.3.7}{\376\377\000R\000\351\000c\000u\000r\000s\000i\000v\000i\000t\000\351\000\040\000s\000a\000n\000s\000\040\000s\000u\000r\000s\000i\000s}{section.11.3}% 130
\BOOKMARK [2][-]{subsection.11.3.8}{\376\377\000A\000u\000c\000u\000n\000e\000\040\000s\000o\000l\000u\000t\000i\000o\000n\000\040\000d\000e\000\040\000r\000e\000p\000o\000r\000t}{section.11.3}% 131
\BOOKMARK [1][-]{section.11.4}{\376\377\000E\000x\000e\000r\000c\000i\000c\000e\000\040\000d\000e\000\040\000b\000o\000u\000c\000l\000e\000s}{chapter.11}% 132
\BOOKMARK [0][-]{chapter.12}{\376\377\000R\000e\000c\000h\000e\000r\000c\000h\000e\000s\000\040\000d\000'\000e\000x\000p\000r\000e\000s\000s\000i\000o\000n\000s\000\040\000r\000\351\000g\000u\000l\000i\000\350\000r\000e\000s}{}% 133
\BOOKMARK [0][-]{chapter.13}{\376\377\000C\000o\000m\000p\000t\000a\000g\000e\000:\000\040\000r\000\351\000p\000\351\000t\000i\000t\000i\000o\000n\000\040\000e\000t\000\040\000e\000x\000p\000r\000e\000s\000s\000i\000o\000n\000s\000\040\000r\000\351\000g\000u\000l\000i\000\350\000r\000e\000s}{}% 134
\BOOKMARK [1][-]{section.13.1}{\376\377\000L\000a\000\040\000f\000o\000n\000c\000t\000i\000o\000n\000\040\000c\000o\000u\000n\000t\000-\000w\000o\000r\000d\000s\000-\000e\000x\000a\000m\000p\000l\000e}{chapter.13}% 135
\BOOKMARK [2][-]{subsection.13.1.1}{\376\377\000L\000e\000s\000\040\000b\000o\000g\000u\000e\000s\000\040\000d\000e\000s\000\040\000e\000s\000p\000a\000c\000e\000s\000\040\000d\000a\000n\000s\000\040\000c\000o\000u\000n\000t\000-\000w\000o\000r\000d\000s\000-\000e\000x\000a\000m\000p\000l\000e}{section.13.1}% 136
\BOOKMARK [1][-]{section.13.2}{\376\377\000C\000o\000m\000p\000t\000a\000g\000e\000\040\000d\000e\000s\000\040\000m\000o\000t\000s\000\040\000e\000x\000c\000l\000u\000s\000i\000v\000e\000m\000e\000n\000t}{chapter.13}% 137
\BOOKMARK [1][-]{section.13.3}{\376\377\000E\000x\000e\000r\000c\000i\000c\000e\000\040\000:\000\040\000c\000o\000m\000p\000t\000e\000r\000\040\000l\000a\000\040\000p\000o\000n\000c\000t\000u\000a\000t\000i\000o\000n}{chapter.13}% 138
\BOOKMARK [0][-]{chapter.14}{\376\377\000C\000o\000m\000p\000t\000a\000g\000e\000\040\000d\000e\000s\000\040\000m\000o\000t\000s\000\040\000d\000a\000n\000s\000\040\000u\000n\000e\000\040\000d\000e\000f\000u\000n}{}% 139
\BOOKMARK [1][-]{section.14.1}{\376\377\000Q\000u\000e\000\040\000c\000o\000m\000p\000t\000e\000r\000\040\000?}{chapter.14}% 140
\BOOKMARK [1][-]{section.14.2}{\376\377\000Q\000u\000e\000\040\000c\000o\000n\000s\000t\000i\000t\000u\000e\000\040\000u\000n\000\040\000m\000o\000t\000\040\000o\000u\000\040\000u\000n\000\040\000s\000y\000m\000b\000o\000l\000e\000\040\000?}{chapter.14}% 141
\BOOKMARK [1][-]{section.14.3}{\376\377\000L\000a\000\040\000f\000o\000n\000c\000t\000i\000o\000n\000\040\000c\000o\000u\000n\000t\000-\000w\000o\000r\000d\000s\000-\000i\000n\000-\000d\000e\000f\000u\000n}{chapter.14}% 142
\BOOKMARK [1][-]{section.14.4}{\376\377\000C\000o\000m\000p\000t\000e\000r\000\040\000p\000l\000u\000s\000i\000e\000u\000r\000s\000\040\000d\000e\000f\000u\000n\000\040\000d\000a\000n\000s\000\040\000u\000n\000\040\000f\000i\000c\000h\000i\000e\000r}{chapter.14}% 143
\BOOKMARK [1][-]{section.14.5}{\376\377\000T\000r\000o\000u\000v\000e\000r\000\040\000u\000n\000\040\000f\000i\000c\000h\000i\000e\000r}{chapter.14}% 144
\BOOKMARK [1][-]{section.14.6}{\376\377\000l\000e\000n\000g\000t\000h\000s\000-\000l\000i\000s\000t\000-\000f\000i\000l\000e\000\040\000e\000n\000\040\000d\000\351\000t\000a\000i\000l\000s}{chapter.14}% 145
\BOOKMARK [1][-]{section.14.7}{\376\377\000C\000o\000m\000p\000t\000e\000r\000\040\000d\000e\000s\000\040\000m\000o\000t\000s\000\040\000d\000a\000n\000s\000\040\000d\000e\000f\000u\000n\000s\000\040\000a\000v\000e\000c\000\040\000u\000n\000\040\000f\000i\000c\000h\000i\000e\000r}{chapter.14}% 146
\BOOKMARK [2][-]{subsection.14.7.1}{\376\377\000L\000a\000\040\000f\000o\000n\000c\000t\000i\000o\000n\000\040\000a\000p\000p\000e\000n\000d}{section.14.7}% 147
\BOOKMARK [1][-]{section.14.8}{\376\377\000C\000o\000m\000p\000t\000a\000g\000e\000\040\000r\000\351\000c\000u\000r\000s\000i\000f\000\040\000d\000e\000\040\000m\000o\000t\000s\000\040\000d\000a\000n\000s\000\040\000d\000i\000f\000f\000\351\000r\000e\000n\000t\000s\000\040\000f\000i\000c\000h\000i\000e\000r\000s}{chapter.14}% 148
\BOOKMARK [1][-]{section.14.9}{\376\377\000P\000r\000\351\000p\000a\000r\000e\000r\000\040\000l\000e\000s\000\040\000d\000o\000n\000n\000\351\000e\000s\000\040\000p\000o\000u\000r\000\040\000l\000'\000a\000f\000f\000i\000c\000h\000a\000g\000e\000\040\000d\000a\000n\000s\000\040\000u\000n\000\040\000g\000r\000a\000p\000h\000e}{chapter.14}% 149
\BOOKMARK [2][-]{subsection.14.9.1}{\376\377\000T\000r\000i\000\040\000d\000e\000\040\000l\000i\000s\000t\000e}{section.14.9}% 150
\BOOKMARK [2][-]{subsection.14.9.2}{\376\377\000C\000r\000\351\000e\000r\000\040\000u\000n\000e\000\040\000l\000i\000s\000t\000e\000\040\000d\000e\000\040\000f\000i\000c\000h\000i\000e\000r\000s}{section.14.9}% 151
\BOOKMARK [2][-]{subsection.14.9.3}{\376\377\000C\000o\000m\000p\000t\000a\000g\000e\000\040\000d\000e\000s\000\040\000d\000\351\000f\000i\000n\000i\000t\000i\000o\000n\000s\000\040\000d\000e\000\040\000f\000o\000n\000c\000t\000i\000o\000n\000s}{section.14.9}% 152
\BOOKMARK [0][-]{chapter.15}{\376\377\000P\000r\000\351\000p\000a\000r\000a\000t\000i\000o\000n\000\040\000d\000'\000u\000n\000\040\000g\000r\000a\000p\000h\000e}{}% 153
\BOOKMARK [1][-]{section.15.1}{\376\377\000L\000a\000\040\000f\000o\000n\000c\000t\000i\000o\000n\000\040\000g\000r\000a\000p\000h\000-\000b\000o\000d\000y\000-\000p\000r\000i\000n\000t}{chapter.15}% 154
\BOOKMARK [1][-]{section.15.2}{\376\377\000L\000a\000\040\000f\000o\000n\000c\000t\000i\000o\000n\000\040\000r\000e\000c\000u\000r\000s\000i\000v\000e\000-\000g\000r\000a\000p\000h\000-\000b\000o\000d\000y\000-\000p\000r\000i\000n\000t}{chapter.15}% 155
\BOOKMARK [1][-]{section.15.3}{\376\377\000B\000e\000s\000o\000i\000n\000\040\000d\000'\000a\000x\000e\000s\000\040\000i\000m\000p\000r\000i\000m\000\351\000s}{chapter.15}% 156
\BOOKMARK [1][-]{section.15.4}{\376\377\000E\000x\000e\000r\000c\000i\000c\000e}{chapter.15}% 157
\BOOKMARK [0][-]{chapter.16}{\376\377\000V\000o\000t\000r\000e\000\040\000f\000i\000c\000h\000i\000e\000r\000\040\000.\000e\000m\000a\000c\000s}{}% 158
\BOOKMARK [1][-]{section.16.1}{\376\377\000S\000i\000t\000e\000\040\000\340\000\040\000l\000'\000\351\000c\000h\000e\000l\000l\000e\000\040\000d\000e\000s\000\040\000f\000i\000c\000h\000i\000e\000r\000s\000\040\000d\000'\000i\000n\000s\000t\000a\000l\000l\000a\000t\000i\000o\000n}{chapter.16}% 159
\BOOKMARK [1][-]{section.16.2}{\376\377\000S\000p\000\351\000c\000i\000f\000i\000c\000a\000t\000i\000o\000n\000\040\000d\000e\000s\000\040\000v\000a\000r\000i\000a\000b\000l\000e\000s\000\040\000u\000t\000i\000l\000i\000s\000a\000n\000t\000\040\000d\000e\000f\000c\000u\000s\000t\000o\000m}{chapter.16}% 160
\BOOKMARK [1][-]{section.16.3}{\376\377\000C\000o\000m\000m\000e\000n\000c\000e\000r\000\040\000u\000n\000\040\000f\000i\000c\000h\000i\000e\000r\000\040\000.\000e\000m\000a\000c\000s}{chapter.16}% 161
\BOOKMARK [1][-]{section.16.4}{\376\377\000T\000e\000x\000t\000e\000\040\000e\000t\000\040\000A\000u\000t\000o\000\040\000F\000i\000l\000l\000\040\000M\000o\000d\000e}{chapter.16}% 162
\BOOKMARK [1][-]{section.16.5}{\376\377\000A\000l\000i\000a\000s\000\040\000d\000e\000\040\000m\000a\000i\000l}{chapter.16}% 163
\BOOKMARK [1][-]{section.16.6}{\376\377\000I\000n\000d\000e\000n\000t\000\040\000t\000a\000b\000s\000\040\000M\000o\000d\000e}{chapter.16}% 164
\BOOKMARK [1][-]{section.16.7}{\376\377\000Q\000u\000e\000l\000q\000u\000e\000s\000\040\000c\000o\000m\000b\000i\000n\000a\000i\000s\000o\000n\000s\000\040\000d\000e\000\040\000t\000o\000u\000c\000h\000e\000s}{chapter.16}% 165
\BOOKMARK [1][-]{section.16.8}{\376\377\000K\000e\000y\000m\000a\000p\000s}{chapter.16}% 166
\BOOKMARK [1][-]{section.16.9}{\376\377\000C\000h\000a\000r\000g\000e\000m\000e\000n\000t\000\040\000d\000e\000\040\000f\000i\000c\000h\000i\000e\000r\000s}{chapter.16}% 167
\BOOKMARK [1][-]{section.16.10}{\376\377\000A\000u\000t\000o\000l\000o\000a\000d\000i\000n\000g}{chapter.16}% 168
\BOOKMARK [1][-]{section.16.11}{\376\377\000U\000n\000e\000\040\000e\000x\000t\000e\000n\000s\000i\000o\000n\000\040\000s\000i\000m\000p\000l\000e\000:\000\040\000l\000i\000n\000e\000-\000t\000o\000-\000t\000o\000p\000-\000o\000f\000-\000w\000i\000n\000d\000o\000w}{chapter.16}% 169
\BOOKMARK [1][-]{section.16.12}{\376\377\000C\000o\000u\000l\000e\000u\000r\000s\000\040\000X\0001\0001}{chapter.16}% 170
\BOOKMARK [1][-]{section.16.13}{\376\377\000D\000i\000v\000e\000r\000s\000\040\000r\000\351\000g\000l\000a\000g\000e\000s\000\040\000p\000o\000u\000r\000\040\000u\000n\000\040\000f\000i\000c\000h\000i\000e\000r\000\040\000.\000e\000m\000a\000c\000s}{chapter.16}% 171
\BOOKMARK [1][-]{section.16.14}{\376\377\000U\000n\000e\000\040\000l\000i\000g\000n\000e\000\040\000d\000e\000\040\000m\000o\000d\000e\000\040\000m\000o\000d\000i\000f\000i\000\351\000e}{chapter.16}% 172
\BOOKMARK [0][-]{chapter.17}{\376\377\000D\000\351\000b\000o\000g\000a\000g\000e}{}% 173
\BOOKMARK [1][-]{section.17.1}{\376\377\000d\000e\000b\000u\000g}{chapter.17}% 174
\BOOKMARK [1][-]{section.17.2}{\376\377\000d\000e\000b\000u\000g\000-\000o\000n\000-\000e\000n\000t\000r\000y}{chapter.17}% 175
\BOOKMARK [1][-]{section.17.3}{\376\377\000d\000e\000b\000u\000g\000-\000o\000n\000-\000q\000u\000i\000t\000\040\000e\000t\000\040\000\050\000d\000e\000b\000u\000g\000\051}{chapter.17}% 176
\BOOKMARK [1][-]{section.17.4}{\376\377\000L\000e\000\040\000e\000d\000e\000b\000u\000g\000\040\000S\000o\000u\000r\000c\000e\000\040\000L\000e\000v\000e\000l\000\040\000D\000e\000b\000u\000g\000g\000e\000r}{chapter.17}% 177
\BOOKMARK [1][-]{section.17.5}{\376\377\000E\000x\000e\000r\000c\000i\000c\000e\000s\000\040\000d\000e\000\040\000d\000\351\000b\000o\000g\000a\000g\000e}{chapter.17}% 178
\BOOKMARK [0][-]{chapter.18}{\376\377\000C\000o\000n\000c\000l\000u\000s\000i\000o\000n}{}% 179
\BOOKMARK [0][-]{appendix.A}{\376\377\000L\000a\000\040\000f\000o\000n\000c\000t\000i\000o\000n\000\040\000t\000h\000e\000-\000t\000h\000e}{}% 180
\BOOKMARK [0][-]{appendix.B}{\376\377\000M\000a\000n\000i\000p\000u\000l\000a\000t\000i\000o\000n\000\040\000d\000u\000\040\000K\000i\000l\000l\000\040\000R\000i\000n\000g}{}% 181
\BOOKMARK [1][-]{section.B.1}{\376\377\000L\000a\000\040\000f\000o\000n\000c\000t\000i\000o\000n\000\040\000c\000u\000r\000r\000e\000n\000t\000-\000k\000i\000l\000l}{appendix.B}% 182
\BOOKMARK [1][-]{section.B.2}{\376\377\000y\000a\000n\000k}{appendix.B}% 183
\BOOKMARK [1][-]{section.B.3}{\376\377\000y\000a\000n\000k\000-\000p\000o\000p}{appendix.B}% 184
\BOOKMARK [1][-]{section.B.4}{\376\377\000L\000e\000\040\000f\000i\000c\000h\000i\000e\000r\000\040\000r\000i\000n\000g\000.\000e\000l}{appendix.B}% 185
\BOOKMARK [0][-]{appendix.C}{\376\377\000U\000n\000\040\000g\000r\000a\000p\000h\000e\000\040\000a\000v\000e\000c\000\040\000d\000e\000s\000\040\000a\000x\000e\000s\000\040\000\351\000t\000i\000q\000u\000e\000t\000\351\000s}{}% 186
\BOOKMARK [1][-]{section.C.1}{\376\377\000L\000a\000\040\000V\000a\000r\000l\000i\000s\000t\000\040\000p\000r\000i\000n\000t\000-\000g\000r\000a\000p\000h}{appendix.C}% 187
\BOOKMARK [1][-]{section.C.2}{\376\377\000L\000a\000\040\000f\000o\000n\000c\000t\000i\000o\000n\000\040\000p\000r\000i\000n\000t\000-\000Y\000-\000a\000x\000i\000s}{appendix.C}% 188
\BOOKMARK [2][-]{subsection.C.2.1}{\376\377\000C\000a\000l\000c\000u\000l\000e\000r\000\040\000u\000n\000\040\000r\000e\000s\000t\000e}{section.C.2}% 189
\BOOKMARK [2][-]{subsection.C.2.2}{\376\377\000C\000o\000n\000s\000t\000r\000u\000i\000r\000e\000\040\000u\000n\000\040\000\351\000l\000\351\000m\000e\000n\000t\000\040\000d\000e\000\040\000l\000'\000a\000x\000e\000\040\000d\000e\000s\000\040\000o\000r\000d\000o\000n\000n\000\351\000e\000s}{section.C.2}% 190
\BOOKMARK [2][-]{subsection.C.2.3}{\376\377\000C\000r\000\351\000e\000z\000\040\000u\000n\000e\000\040\000c\000o\000l\000o\000n\000n\000e\000\040\000d\000e\000\040\000l\000'\000a\000x\000e\000\040\000d\000e\000s\000\040\000o\000r\000d\000o\000n\000n\000\351\000e\000s}{section.C.2}% 191
\BOOKMARK [2][-]{subsection.C.2.4}{\376\377\000L\000a\000\040\000v\000e\000r\000s\000i\000o\000n\000\040\000f\000i\000n\000a\000l\000e\000\040\000d\000e\000\040\000N\000o\000t\000\040\000Q\000u\000i\000t\000\040\000p\000r\000i\000n\000t\000-\000Y\000-\000a\000x\000i\000s}{section.C.2}% 192
\BOOKMARK [1][-]{section.C.3}{\376\377\000L\000a\000\040\000f\000o\000n\000c\000t\000i\000o\000n\000\040\000p\000r\000i\000n\000t\000-\000X\000-\000a\000x\000i\000s}{appendix.C}% 193
\BOOKMARK [2][-]{subsection.C.3.1}{\376\377\000M\000a\000r\000q\000u\000e\000s\000\040\000t\000i\000c\000\040\000d\000e\000\040\000l\000'\000a\000x\000e\000\040\000d\000e\000s\000\040\000a\000b\000s\000c\000i\000s\000s\000e\000s}{section.C.3}% 194
\BOOKMARK [1][-]{section.C.4}{\376\377\000T\000r\000a\000c\000e\000r\000\040\000l\000e\000\040\000g\000r\000a\000p\000h\000e\000\040\000c\000o\000m\000p\000l\000e\000t}{appendix.C}% 195
\BOOKMARK [2][-]{subsection.C.4.1}{\376\377\000T\000e\000s\000t\000e\000r\000\040\000p\000r\000i\000n\000t\000-\000g\000r\000a\000p\000h}{section.C.4}% 196
\BOOKMARK [2][-]{subsection.C.4.2}{\376\377\000N\000u\000n\000m\000\351\000r\000o\000s\000\040\000d\000e\000\040\000g\000r\000a\000p\000h\000e\000\040\000d\000e\000s\000\040\000m\000o\000t\000s\000\040\000e\000t\000\040\000s\000y\000m\000b\000o\000l\000e\000s}{section.C.4}% 197
\BOOKMARK [2][-]{subsection.C.4.3}{\376\377\000U\000n\000e\000\040\000e\000x\000p\000r\000e\000s\000s\000i\000o\000n\000\040\000l\000a\000m\000b\000d\000a\000\040\000:\000\040\000u\000t\000i\000l\000i\000t\000\351\000\040\000d\000e\000\040\000l\000'\000a\000n\000o\000n\000y\000m\000a\000t}{section.C.4}% 198
\BOOKMARK [2][-]{subsection.C.4.4}{\376\377\000L\000a\000\040\000f\000o\000n\000c\000t\000i\000o\000n\000\040\000m\000a\000p\000c\000a\000r}{section.C.4}% 199
\BOOKMARK [2][-]{subsection.C.4.5}{\376\377\000U\000n\000\040\000a\000u\000t\000r\000e\000\040\000b\000o\000g\000u\000e\000\040\040\046\000p\000l\000u\000s\000\040\000i\000n\000s\000i\000d\000i\000e\000u\000x}{section.C.4}% 200
\BOOKMARK [2][-]{subsection.C.4.6}{\376\377\000L\000e\000\040\000g\000r\000a\000p\000h\000e\000\040\000t\000r\000a\000c\000\351}{section.C.4}% 201
\BOOKMARK [0][-]{appendix.D}{\376\377\000L\000o\000g\000i\000c\000i\000e\000l\000\040\000l\000i\000b\000r\000e\000\040\000e\000t\000\040\000m\000a\000n\000u\000e\000l\000s\000\040\000l\000i\000b\000r\000e\000s}{}% 202
\BOOKMARK [0][-]{appendix.E}{\376\377\000L\000i\000c\000e\000n\000c\000e\000\040\000d\000e\000\040\000d\000o\000c\000u\000m\000e\000n\000t\000a\000t\000i\000o\000n\000\040\000l\000i\000b\000r\000e\000\040\000G\000N\000U}{}% 203
