This is XeTeX, Version 3.14159265-2.6-0.99991 (TeX Live 2014) (preloaded format=xelatex 2015.4.24)  16 MAY 2015 20:44
entering extended mode
 restricted \write18 enabled.
 %&-line parsing enabled.
**\input 2014emacsFR.tex
(./2014emacsFR.tex (/usr/local/texlive/2014/texmf-dist/tex/latex/base/book.cls
Document Class: book 2007/10/19 v1.4h Standard LaTeX document class
(/usr/local/texlive/2014/texmf-dist/tex/latex/base/bk10.clo
File: bk10.clo 2007/10/19 v1.4h Standard LaTeX file (size option)
)
\c@part=\count80
\c@chapter=\count81
\c@section=\count82
\c@subsection=\count83
\c@subsubsection=\count84
\c@paragraph=\count85
\c@subparagraph=\count86
\c@figure=\count87
\c@table=\count88
\abovecaptionskip=\skip41
\belowcaptionskip=\skip42
\bibindent=\dimen102
)
(../PREAMBULE/extEmacs.tex
(/usr/local/texlive/2014/texmf-dist/tex/latex/geometry/geometry.sty
Package: geometry 2010/09/12 v5.6 Page Geometry

(/usr/local/texlive/2014/texmf-dist/tex/latex/graphics/keyval.sty
Package: keyval 2014/05/08 v1.15 key=value parser (DPC)
\KV@toks@=\toks14
)
(/usr/local/texlive/2014/texmf-dist/tex/generic/oberdiek/ifpdf.sty
Package: ifpdf 2011/01/30 v2.3 Provides the ifpdf switch (HO)
Package ifpdf Info: pdfTeX in PDF mode is not detected.
)
(/usr/local/texlive/2014/texmf-dist/tex/generic/oberdiek/ifvtex.sty
Package: ifvtex 2010/03/01 v1.5 Detect VTeX and its facilities (HO)
Package ifvtex Info: VTeX not detected.
)
(/usr/local/texlive/2014/texmf-dist/tex/generic/ifxetex/ifxetex.sty
Package: ifxetex 2010/09/12 v0.6 Provides ifxetex conditional
)
\Gm@cnth=\count89
\Gm@cntv=\count90
\c@Gm@tempcnt=\count91
\Gm@bindingoffset=\dimen103
\Gm@wd@mp=\dimen104
\Gm@odd@mp=\dimen105
\Gm@even@mp=\dimen106
\Gm@layoutwidth=\dimen107
\Gm@layoutheight=\dimen108
\Gm@layouthoffset=\dimen109
\Gm@layoutvoffset=\dimen110
\Gm@dimlist=\toks15
)
(/usr/local/texlive/2014/texmf-dist/tex/latex/fontspec/fontspec.sty
Package: fontspec 2013/05/20 v2.3c Font selection for XeLaTeX and LuaLaTeX

(/usr/local/texlive/2014/texmf-dist/tex/latex/l3kernel/expl3.sty
Package: expl3 2014/05/20 v4814 L3 programming layer (loader) 

(/usr/local/texlive/2014/texmf-dist/tex/latex/l3kernel/expl3-code.tex
Package: expl3 2014/05/20 v4814 L3 programming layer (code) 
L3 Module: l3bootstrap 2014/05/16 v4782 L3 Bootstrap code

(/usr/local/texlive/2014/texmf-dist/tex/latex/etex-pkg/etex.sty
Package: etex 1998/03/26 v2.0 eTeX basic definition package (PEB)
\et@xins=\count92
)
L3 Module: l3names 2014/05/04 v4728 L3 Namespace for primitives
L3 Module: l3basics 2014/05/04 v4728 L3 Basic definitions
L3 Module: l3expan 2014/04/30 v4712 L3 Argument expansion
L3 Module: l3tl 2014/05/04 v4728 L3 Token lists
L3 Module: l3seq 2014/04/30 v4712 L3 Sequences and stacks
L3 Module: l3int 2014/05/16 v4776 L3 Integers
\c_max_int=\count93
\l_tmpa_int=\count94
\l_tmpb_int=\count95
\g_tmpa_int=\count96
\g_tmpb_int=\count97
L3 Module: l3quark 2014/05/04 v4728 L3 Quarks
L3 Module: l3prg 2014/05/04 v4728 L3 Control structures
\g__prg_map_int=\count98
L3 Module: l3clist 2014/05/04 v4728 L3 Comma separated lists
L3 Module: l3token 2014/05/04 v4728 L3 Experimental token manipulation
L3 Module: l3prop 2014/04/30 v4712 L3 Property lists
L3 Module: l3msg 2014/05/04 v4728 L3 Messages
L3 Module: l3file 2014/05/05 v4737 L3 File and I/O operations
\l_iow_line_count_int=\count99
\l__iow_target_count_int=\count100
\l__iow_current_line_int=\count101
\l__iow_current_word_int=\count102
\l__iow_current_indentation_int=\count103
L3 Module: l3skip 2014/05/05 v4738 L3 Dimensions and skips
\c_zero_dim=\dimen111
\c_max_dim=\dimen112
\l_tmpa_dim=\dimen113
\l_tmpb_dim=\dimen114
\g_tmpa_dim=\dimen115
\g_tmpb_dim=\dimen116
\c_zero_skip=\skip43
\c_max_skip=\skip44
\l_tmpa_skip=\skip45
\l_tmpb_skip=\skip46
\g_tmpa_skip=\skip47
\g_tmpb_skip=\skip48
\c_zero_muskip=\muskip10
\c_max_muskip=\muskip11
\l_tmpa_muskip=\muskip12
\l_tmpb_muskip=\muskip13
\g_tmpa_muskip=\muskip14
\g_tmpb_muskip=\muskip15
L3 Module: l3keys 2014/05/08 v4753 L3 Key-value interfaces
\g__keyval_level_int=\count104
\l_keys_choice_int=\count105
L3 Module: l3fp 2014/04/30 v4712 L3 Floating points
\c__fp_leading_shift_int=\count106
\c__fp_middle_shift_int=\count107
\c__fp_trailing_shift_int=\count108
\c__fp_big_leading_shift_int=\count109
\c__fp_big_middle_shift_int=\count110
\c__fp_big_trailing_shift_int=\count111
\c__fp_Bigg_leading_shift_int=\count112
\c__fp_Bigg_middle_shift_int=\count113
\c__fp_Bigg_trailing_shift_int=\count114
L3 Module: l3box 2014/05/04 v4728 L3 Experimental boxes
\c_empty_box=\box26
\l_tmpa_box=\box27
\l_tmpb_box=\box28
\g_tmpa_box=\box29
\g_tmpb_box=\box30
L3 Module: l3coffins 2014/05/04 v4728 L3 Coffin code layer
\l__coffin_internal_box=\box31
\l__coffin_internal_dim=\dimen117
\l__coffin_offset_x_dim=\dimen118
\l__coffin_offset_y_dim=\dimen119
\l__coffin_x_dim=\dimen120
\l__coffin_y_dim=\dimen121
\l__coffin_x_prime_dim=\dimen122
\l__coffin_y_prime_dim=\dimen123
\c_empty_coffin=\box32
\l__coffin_aligned_coffin=\box33
\l__coffin_aligned_internal_coffin=\box34
\l_tmpa_coffin=\box35
\l_tmpb_coffin=\box36
\l__coffin_display_coffin=\box37
\l__coffin_display_coord_coffin=\box38
\l__coffin_display_pole_coffin=\box39
\l__coffin_display_offset_dim=\dimen124
\l__coffin_display_x_dim=\dimen125
\l__coffin_display_y_dim=\dimen126
L3 Module: l3color 2014/04/30 v4712 L3 Experimental color support
L3 Module: l3luatex 2014/04/30 v4712 L3 Experimental LuaTeX-specific functions
\g__cctab_allocate_int=\count115
\g__cctab_stack_int=\count116
L3 Module: l3candidates 2014/05/04 v4734 L3 Experimental additions to l3kernel
\l__box_top_dim=\dimen127
\l__box_bottom_dim=\dimen128
\l__box_left_dim=\dimen129
\l__box_right_dim=\dimen130
\l__box_top_new_dim=\dimen131
\l__box_bottom_new_dim=\dimen132
\l__box_left_new_dim=\dimen133
\l__box_right_new_dim=\dimen134
\l__box_internal_box=\box40
\l__coffin_bounding_shift_dim=\dimen135
\l__coffin_left_corner_dim=\dimen136
\l__coffin_right_corner_dim=\dimen137
\l__coffin_bottom_corner_dim=\dimen138
\l__coffin_top_corner_dim=\dimen139
\l__coffin_scaled_total_height_dim=\dimen140
\l__coffin_scaled_width_dim=\dimen141
))
(/usr/local/texlive/2014/texmf-dist/tex/latex/l3packages/xparse/xparse.sty
Package: xparse 2014/05/05 v4740 L3 Experimental document command parser
\l__xparse_current_arg_int=\count117
\l__xparse_m_args_int=\count118
\l__xparse_mandatory_args_int=\count119
\l__xparse_processor_int=\count120
\l__xparse_v_nesting_int=\count121
)
\l_fontspec_script_int=\count122
\l_fontspec_language_int=\count123
\l_fontspec_strnum_int=\count124
\l_fontspec_tmpa_dim=\dimen142
\l_fontspec_tmpb_dim=\dimen143
\l_fontspec_tmpc_dim=\dimen144
Variant \tl_gset:cV already defined; not changing it on line 69

(/usr/local/texlive/2014/texmf-dist/tex/latex/fontspec/fontspec-patches.sty
Package: fontspec-patches 2013/05/20 v2.3c Font selection for XeLaTeX and LuaLa
TeX

(/usr/local/texlive/2014/texmf-dist/tex/latex/base/fixltx2e.sty
Package: fixltx2e 2014/05/13 v1.1q fixes to LaTeX
LaTeX Info: Redefining \em on input line 429.
)
LaTeX Info: Redefining \em on input line 22.
LaTeX Info: Redefining \emph on input line 30.
LaTeX Info: Redefining \- on input line 33.

*************************************************
* LaTeX warning: "xparse/redefine-command"
* 
* Redefining document command \oldstylenums with arg. spec. 'm' on line 128.
*************************************************
.................................................
. LaTeX info: "xparse/define-command"
. 
. Defining document command \liningnums with arg. spec. 'm' on line 132.
.................................................
) (/usr/local/texlive/2014/texmf-dist/tex/latex/fontspec/fontspec-xetex.sty
Package: fontspec-xetex 2013/05/20 v2.3c Font selection for XeLaTeX and LuaLaTe
X

(/usr/local/texlive/2014/texmf-dist/tex/latex/base/fontenc.sty
Package: fontenc 2005/09/27 v1.99g Standard LaTeX package

(/usr/local/texlive/2014/texmf-dist/tex/latex/euenc/eu1enc.def
File: eu1enc.def 2010/05/27 v0.1h Experimental Unicode font encodings
)
LaTeX Font Info:    Try loading font information for EU1+lmr on input line 100.


(/usr/local/texlive/2014/texmf-dist/tex/latex/euenc/eu1lmr.fd
File: eu1lmr.fd 2009/10/30 v1.6 Font defs for Latin Modern
))
(/usr/local/texlive/2014/texmf-dist/tex/xelatex/xunicode/xunicode.sty
File: xunicode.sty 2011/09/09 v0.981 provides access to latin accents and many 
other characters in Unicode lower plane

(/usr/local/texlive/2014/texmf-dist/tex/latex/tipa/t3enc.def
File: t3enc.def 2001/12/31 T3 encoding
LaTeX Font Info:    Try loading font information for EU1+lmss on input line 357
.

(/usr/local/texlive/2014/texmf-dist/tex/latex/euenc/eu1lmss.fd
File: eu1lmss.fd 2009/10/30 v1.6 Font defs for Latin Modern
))
\tipaTiiicode=\count125
\tipasavetokens=\toks16
\tipachecktokens=\toks17

(/usr/local/texlive/2014/texmf-dist/tex/latex/graphics/graphicx.sty
Package: graphicx 2014/04/25 v1.0g Enhanced LaTeX Graphics (DPC,SPQR)

(/usr/local/texlive/2014/texmf-dist/tex/latex/graphics/graphics.sty
Package: graphics 2009/02/05 v1.0o Standard LaTeX Graphics (DPC,SPQR)

(/usr/local/texlive/2014/texmf-dist/tex/latex/graphics/trig.sty
Package: trig 1999/03/16 v1.09 sin cos tan (DPC)
)
(/usr/local/texlive/2014/texmf-dist/tex/latex/latexconfig/graphics.cfg
File: graphics.cfg 2010/04/23 v1.9 graphics configuration of TeX Live
)
Package graphics Info: Driver file: xetex.def on input line 91.

(/usr/local/texlive/2014/texmf-dist/tex/xelatex/xetex-def/xetex.def
File: xetex.def 2014/04/28 v4.01 LaTeX color/graphics driver for XeTeX (RRM/JK)

))
\Gin@req@height=\dimen145
\Gin@req@width=\dimen146
))
.................................................
. LaTeX info: "xparse/define-command"
. 
. Defining document command \fontspec with arg. spec. 'O{}m' on line 41.
.................................................
.................................................
. LaTeX info: "xparse/define-command"
. 
. Defining document command \setmainfont with arg. spec. 'O{}m' on line 46.
.................................................
.................................................
. LaTeX info: "xparse/define-command"
. 
. Defining document command \setsansfont with arg. spec. 'O{}m' on line 51.
.................................................
.................................................
. LaTeX info: "xparse/define-command"
. 
. Defining document command \setmonofont with arg. spec. 'O{}m' on line 56.
.................................................
.................................................
. LaTeX info: "xparse/define-command"
. 
. Defining document command \setmathrm with arg. spec. 'O{}m' on line 65.
.................................................
.................................................
. LaTeX info: "xparse/define-command"
. 
. Defining document command \setboldmathrm with arg. spec. 'O{}m' on line 69.
.................................................
.................................................
. LaTeX info: "xparse/define-command"
. 
. Defining document command \setmathsf with arg. spec. 'O{}m' on line 73.
.................................................
.................................................
. LaTeX info: "xparse/define-command"
. 
. Defining document command \setmathtt with arg. spec. 'O{}m' on line 77.
.................................................
.................................................
. LaTeX info: "xparse/define-command"
. 
. Defining document command \newfontfamily with arg. spec. 'mO{}m' on line 96.
.................................................
.................................................
. LaTeX info: "xparse/define-command"
. 
. Defining document command \newfontface with arg. spec. 'mO{}m' on line 100.
.................................................
.................................................
. LaTeX info: "xparse/define-command"
. 
. Defining document command \defaultfontfeatures with arg. spec. 'om' on line
. 108.
.................................................
.................................................
. LaTeX info: "xparse/define-command"
. 
. Defining document command \addfontfeatures with arg. spec. 'm' on line 144.
.................................................
.................................................
. LaTeX info: "xparse/define-command"
. 
. Defining document command \newfontfeature with arg. spec. 'mm' on line 156.
.................................................
.................................................
. LaTeX info: "xparse/define-command"
. 
. Defining document command \newAATfeature with arg. spec. 'mmmm' on line 164.
.................................................
.................................................
. LaTeX info: "xparse/define-command"
. 
. Defining document command \newICUfeature with arg. spec. 'mmm' on line 172.
.................................................
.................................................
. LaTeX info: "xparse/define-command"
. 
. Defining document command \aliasfontfeature with arg. spec. 'mm' on line
. 201.
.................................................
.................................................
. LaTeX info: "xparse/define-command"
. 
. Defining document command \aliasfontfeatureoption with arg. spec. 'mmm' on
. line 203.
.................................................
.................................................
. LaTeX info: "xparse/define-command"
. 
. Defining document command \newfontscript with arg. spec. 'mm' on line 208.
.................................................
.................................................
. LaTeX info: "xparse/define-command"
. 
. Defining document command \newfontlanguage with arg. spec. 'mm' on line 235.
.................................................
.................................................
. LaTeX info: "xparse/define-command"
. 
. Defining document command \DeclareFontsExtensions with arg. spec. 'm' on
. line 256.
.................................................
Variant \prop_gput:cnV already defined; not changing it on line 582
Variant \prop_gput:cnx already defined; not changing it on line 583
\l_fontspec_tmp_int=\count126
LaTeX Info: Redefining \itshape on input line 2087.
LaTeX Info: Redefining \slshape on input line 2092.
LaTeX Info: Redefining \scshape on input line 2097.
LaTeX Info: Redefining \upshape on input line 2102.

(/usr/local/texlive/2014/texmf-dist/tex/latex/fontspec/fontspec.cfg)))
(/usr/local/texlive/2014/texmf-dist/tex/latex/polyglossia/polyglossia.sty
Package: polyglossia 2014/05/21 v1.33.5 Babel replacement for XeLaTeX and LuaTe
X

(/usr/local/texlive/2014/texmf-dist/tex/latex/etoolbox/etoolbox.sty
Package: etoolbox 2011/01/03 v2.1 e-TeX tools for LaTeX
\etb@tempcnta=\count127
)
(/usr/local/texlive/2014/texmf-dist/tex/latex/makecmds/makecmds.sty
Package: makecmds 2009/09/03 v1.0a extra command making commands
)
(/usr/local/texlive/2014/texmf-dist/tex/latex/xkeyval/xkeyval.sty
Package: xkeyval 2014/05/09 v2.6d package option processing (HA)

(/usr/local/texlive/2014/texmf-dist/tex/generic/xkeyval/xkeyval.tex
\XKV@toks=\toks18
\XKV@tempa@toks=\toks19
\XKV@depth=\count128
File: xkeyval.tex 2014/05/09 v2.6d key=value parser (HA)
))
(/usr/local/texlive/2014/texmf-dist/tex/generic/oberdiek/ifluatex.sty
Package: ifluatex 2010/03/01 v1.3 Provides the ifluatex switch (HO)
Package ifluatex Info: LuaTeX not detected.
)
\xpg@normalclass=\XeTeXintercharclass4
)
(/usr/local/texlive/2014/texmf-dist/tex/latex/polyglossia/gloss-french.ldf
File: gloss-french.ldf polyglossia: module for french
\french@punctthin=\XeTeXintercharclass5
\french@punctthick=\XeTeXintercharclass6
\french@punctguillstart=\XeTeXintercharclass7
\french@punctguillend=\XeTeXintercharclass8
)
Package polyglossia Info: Default language is french.

(/usr/local/texlive/2014/texmf-dist/tex/latex/polyglossia/gloss-english.ldf
File: gloss-english.ldf polyglossia: module for english
)
(/usr/local/texlive/2014/texmf-dist/tex/latex/xltxtra/xltxtra.sty
Package: xltxtra 2010/09/20 v0.5e Improvements for the "XeLaTeX" format

(/usr/local/texlive/2014/texmf-dist/tex/latex/realscripts/realscripts.sty
Package: realscripts 2013/03/18 v0.3c Access OpenType subscripts and superscrip
ts
.................................................
. LaTeX info: "xparse/define-command"
. 
. Defining document command \fakesubscript with arg. spec. 'm' on line 19.
.................................................
.................................................
. LaTeX info: "xparse/define-command"
. 
. Defining document command \fakesuperscript with arg. spec. 'm' on line 22.
.................................................

*************************************************
* LaTeX warning: "xparse/redefine-command"
* 
* Redefining document command \textsubscript with arg. spec. 's' on line 25.
*************************************************
*************************************************
* LaTeX warning: "xparse/redefine-command"
* 
* Redefining document command \textsuperscript with arg. spec. 's' on line 28.
*************************************************
.................................................
. LaTeX info: "xparse/define-command"
. 
. Defining document command \realsubscript with arg. spec. 'm' on line 45.
.................................................
.................................................
. LaTeX info: "xparse/define-command"
. 
. Defining document command \realsuperscript with arg. spec. 'm' on line 60.
.................................................
.................................................
. LaTeX info: "xparse/define-command"
. 
. Defining document command \textsubsuperscript with arg. spec. 'sO{l}mm' on
. line 138.
.................................................
.................................................
. LaTeX info: "xparse/define-command"
. 
. Defining document command \textsupersubscript with arg. spec. 'sO{l}mm' on
. line 143.
.................................................
\subsupersep=\dimen147
) (/usr/local/texlive/2014/texmf-dist/tex/latex/metalogo/metalogo.sty
Package: metalogo 2010/05/29 v0.12 Extended TeX logo macros
\xl@everylogo=\toks20
\xl@@everylogo=\toks21
LaTeX Info: Redefining \TeX on input line 193.
LaTeX Info: Redefining \LaTeX on input line 202.
LaTeX Info: Redefining \LaTeXe on input line 219.
)
\xxt@tempbox=\box41
)
(/usr/local/texlive/2014/texmf-dist/tex/latex/mh/mathtools.sty
Package: mathtools 2014/05/21 v1.14 mathematical typesetting tools

(/usr/local/texlive/2014/texmf-dist/tex/latex/tools/calc.sty
Package: calc 2007/08/22 v4.3 Infix arithmetic (KKT,FJ)
\calc@Acount=\count129
\calc@Bcount=\count130
\calc@Adimen=\dimen148
\calc@Bdimen=\dimen149
\calc@Askip=\skip49
\calc@Bskip=\skip50
LaTeX Info: Redefining \setlength on input line 75.
LaTeX Info: Redefining \addtolength on input line 76.
\calc@Ccount=\count131
\calc@Cskip=\skip51
)
(/usr/local/texlive/2014/texmf-dist/tex/latex/mh/mhsetup.sty
Package: mhsetup 2010/01/21 v1.2a programming setup (MH)
)
(/usr/local/texlive/2014/texmf-dist/tex/latex/amsmath/amsmath.sty
Package: amsmath 2013/01/14 v2.14 AMS math features
\@mathmargin=\skip52

For additional information on amsmath, use the `?' option.
(/usr/local/texlive/2014/texmf-dist/tex/latex/amsmath/amstext.sty
Package: amstext 2000/06/29 v2.01

(/usr/local/texlive/2014/texmf-dist/tex/latex/amsmath/amsgen.sty
File: amsgen.sty 1999/11/30 v2.0
\@emptytoks=\toks22
\ex@=\dimen150
))
(/usr/local/texlive/2014/texmf-dist/tex/latex/amsmath/amsbsy.sty
Package: amsbsy 1999/11/29 v1.2d
\pmbraise@=\dimen151
)
(/usr/local/texlive/2014/texmf-dist/tex/latex/amsmath/amsopn.sty
Package: amsopn 1999/12/14 v2.01 operator names
)
\inf@bad=\count132
LaTeX Info: Redefining \frac on input line 210.
\uproot@=\count133
\leftroot@=\count134
LaTeX Info: Redefining \overline on input line 306.
\classnum@=\count135
\DOTSCASE@=\count136
LaTeX Info: Redefining \ldots on input line 378.
LaTeX Info: Redefining \dots on input line 381.
LaTeX Info: Redefining \cdots on input line 466.
\Mathstrutbox@=\box42
\strutbox@=\box43
\big@size=\dimen152
LaTeX Font Info:    Redeclaring font encoding OML on input line 566.
LaTeX Font Info:    Redeclaring font encoding OMS on input line 567.
\macc@depth=\count137
\c@MaxMatrixCols=\count138
\dotsspace@=\muskip16
\c@parentequation=\count139
\dspbrk@lvl=\count140
\tag@help=\toks23
\row@=\count141
\column@=\count142
\maxfields@=\count143
\andhelp@=\toks24
\eqnshift@=\dimen153
\alignsep@=\dimen154
\tagshift@=\dimen155
\tagwidth@=\dimen156
\totwidth@=\dimen157
\lineht@=\dimen158
\@envbody=\toks25
\multlinegap=\skip53
\multlinetaggap=\skip54
\mathdisplay@stack=\toks26
LaTeX Info: Redefining \[ on input line 2665.
LaTeX Info: Redefining \] on input line 2666.
)
LaTeX Info: Thecontrolsequence`\('isalreadyrobust on input line 129.
LaTeX Info: Thecontrolsequence`\)'isalreadyrobust on input line 129.
LaTeX Info: Thecontrolsequence`\['isalreadyrobust on input line 129.
LaTeX Info: Thecontrolsequence`\]'isalreadyrobust on input line 129.
\g_MT_multlinerow_int=\count144
\l_MT_multwidth_dim=\dimen159
\origjot=\skip55
\l_MT_shortvdotswithinadjustabove_dim=\dimen160
\l_MT_shortvdotswithinadjustbelow_dim=\dimen161
\l_MT_above_intertext_sep=\dimen162
\l_MT_below_intertext_sep=\dimen163
\l_MT_above_shortintertext_sep=\dimen164
\l_MT_below_shortintertext_sep=\dimen165
)
(/usr/local/texlive/2014/texmf-dist/tex/latex/amsfonts/amssymb.sty
Package: amssymb 2013/01/14 v3.01 AMS font symbols

(/usr/local/texlive/2014/texmf-dist/tex/latex/amsfonts/amsfonts.sty
Package: amsfonts 2013/01/14 v3.01 Basic AMSFonts support
\symAMSa=\mathgroup4
\symAMSb=\mathgroup5
LaTeX Font Info:    Overwriting math alphabet `\mathfrak' in version `bold'
(Font)                  U/euf/m/n --> U/euf/b/n on input line 106.
))
(/usr/local/texlive/2014/texmf-dist/tex/latex/tools/tabularx.sty
Package: tabularx 2014/05/13 v2.10 `tabularx' package (DPC)

(/usr/local/texlive/2014/texmf-dist/tex/latex/tools/array.sty
Package: array 2008/09/09 v2.4c Tabular extension package (FMi)
\col@sep=\dimen166
\extrarowheight=\dimen167
\NC@list=\toks27
\extratabsurround=\skip56
\backup@length=\skip57
)
\TX@col@width=\dimen168
\TX@old@table=\dimen169
\TX@old@col=\dimen170
\TX@target=\dimen171
\TX@delta=\dimen172
\TX@cols=\count145
\TX@ftn=\toks28
)
(/usr/local/texlive/2014/texmf-dist/tex/latex/tools/longtable.sty
Package: longtable 2004/02/01 v4.11 Multi-page Table package (DPC)
\LTleft=\skip58
\LTright=\skip59
\LTpre=\skip60
\LTpost=\skip61
\LTchunksize=\count146
\LTcapwidth=\dimen173
\LT@head=\box44
\LT@firsthead=\box45
\LT@foot=\box46
\LT@lastfoot=\box47
\LT@cols=\count147
\LT@rows=\count148
\c@LT@tables=\count149
\c@LT@chunks=\count150
\LT@p@ftn=\toks29
)
(/usr/local/texlive/2014/texmf-dist/tex/latex/tools/xspace.sty
Package: xspace 2009/10/20 v1.13 Space after command names (DPC,MH)
)
(/usr/local/texlive/2014/texmf-dist/tex/latex/tools/verbatim.sty
Package: verbatim 2003/08/22 v1.5q LaTeX2e package for verbatim enhancements
\every@verbatim=\toks30
\verbatim@line=\toks31
\verbatim@in@stream=\read1
)
(/usr/local/texlive/2014/texmf-dist/tex/latex/base/shortvrb.sty
Package: shortvrb 2010/02/04 v2.1e Standard LaTeX documentation package (FMi)
)
(/usr/local/texlive/2014/texmf-dist/tex/latex/url/url.sty
\Urlmuskip=\muskip17
Package: url 2013/09/16  ver 3.4  Verb mode for urls, etc.
)
(/usr/local/texlive/2014/texmf-dist/tex/latex/hyperref/hyperref.sty
Package: hyperref 2012/11/06 v6.83m Hypertext links for LaTeX

(/usr/local/texlive/2014/texmf-dist/tex/generic/oberdiek/hobsub-hyperref.sty
Package: hobsub-hyperref 2012/05/28 v1.13 Bundle oberdiek, subset hyperref (HO)


(/usr/local/texlive/2014/texmf-dist/tex/generic/oberdiek/hobsub-generic.sty
Package: hobsub-generic 2012/05/28 v1.13 Bundle oberdiek, subset generic (HO)
Package: hobsub 2012/05/28 v1.13 Construct package bundles (HO)
Package: infwarerr 2010/04/08 v1.3 Providing info/warning/error messages (HO)
Package: ltxcmds 2011/11/09 v1.22 LaTeX kernel commands for general use (HO)
Package hobsub Info: Skipping package `ifluatex' (already loaded).
Package hobsub Info: Skipping package `ifvtex' (already loaded).
Package: intcalc 2007/09/27 v1.1 Expandable calculations with integers (HO)
Package hobsub Info: Skipping package `ifpdf' (already loaded).
Package: etexcmds 2011/02/16 v1.5 Avoid name clashes with e-TeX commands (HO)
Package etexcmds Info: Could not find \expanded.
(etexcmds)             That can mean that you are not using pdfTeX 1.50 or
(etexcmds)             that some package has redefined \expanded.
(etexcmds)             In the latter case, load this package earlier.
Package: kvsetkeys 2012/04/25 v1.16 Key value parser (HO)
Package: kvdefinekeys 2011/04/07 v1.3 Define keys (HO)
Package: pdftexcmds 2011/11/29 v0.20 Utility functions of pdfTeX for LuaTeX (HO
)
Package pdftexcmds Info: LuaTeX not detected.
Package pdftexcmds Info: pdfTeX >= 1.30 not detected.
Package pdftexcmds Info: \pdf@primitive is available.
Package pdftexcmds Info: \pdf@ifprimitive is available.
Package pdftexcmds Info: \pdfdraftmode not found.
Package: pdfescape 2011/11/25 v1.13 Implements pdfTeX's escape features (HO)
Package: bigintcalc 2012/04/08 v1.3 Expandable calculations on big integers (HO
)
Package: bitset 2011/01/30 v1.1 Handle bit-vector datatype (HO)
Package: uniquecounter 2011/01/30 v1.2 Provide unlimited unique counter (HO)
)
Package hobsub Info: Skipping package `hobsub' (already loaded).
Package: letltxmacro 2010/09/02 v1.4 Let assignment for LaTeX macros (HO)
Package: hopatch 2012/05/28 v1.2 Wrapper for package hooks (HO)
Package: xcolor-patch 2011/01/30 xcolor patch
Package: atveryend 2011/06/30 v1.8 Hooks at the very end of document (HO)
Package: atbegshi 2011/10/05 v1.16 At begin shipout hook (HO)
Package: refcount 2011/10/16 v3.4 Data extraction from label references (HO)
Package: hycolor 2011/01/30 v1.7 Color options for hyperref/bookmark (HO)
)
(/usr/local/texlive/2014/texmf-dist/tex/latex/oberdiek/auxhook.sty
Package: auxhook 2011/03/04 v1.3 Hooks for auxiliary files (HO)
)
(/usr/local/texlive/2014/texmf-dist/tex/latex/oberdiek/kvoptions.sty
Package: kvoptions 2011/06/30 v3.11 Key value format for package options (HO)
)
\@linkdim=\dimen174
\Hy@linkcounter=\count151
\Hy@pagecounter=\count152

(/usr/local/texlive/2014/texmf-dist/tex/latex/hyperref/pd1enc.def
File: pd1enc.def 2012/11/06 v6.83m Hyperref: PDFDocEncoding definition (HO)
)
\Hy@SavedSpaceFactor=\count153

(/usr/local/texlive/2014/texmf-dist/tex/latex/latexconfig/hyperref.cfg
File: hyperref.cfg 2002/06/06 v1.2 hyperref configuration of TeXLive
)
Package hyperref Info: Option `breaklinks' set `true' on input line 4319.
Package hyperref Info: Option `colorlinks' set `true' on input line 4319.


Package hyperref Warning: XeTeX driver only supports unicode.
(hyperref)                Enabling option `unicode'.

Package hyperref Info: Option `unicode' set `true' on input line 4319.
(/usr/local/texlive/2014/texmf-dist/tex/latex/hyperref/puenc.def
File: puenc.def 2012/11/06 v6.83m Hyperref: PDF Unicode definition (HO)
)
Package hyperref Info: Hyper figures OFF on input line 4443.
Package hyperref Info: Link nesting OFF on input line 4448.
Package hyperref Info: Hyper index ON on input line 4451.
Package hyperref Info: Plain pages OFF on input line 4458.
Package hyperref Info: Backreferencing OFF on input line 4463.
Package hyperref Info: Implicit mode ON; LaTeX internals redefined.
Package hyperref Info: Bookmarks ON on input line 4688.
\c@Hy@tempcnt=\count154
LaTeX Info: Redefining \url on input line 5041.
\XeTeXLinkMargin=\dimen175
\Fld@menulength=\count155
\Field@Width=\dimen176
\Fld@charsize=\dimen177
Package hyperref Info: Hyper figures OFF on input line 6295.
Package hyperref Info: Link nesting OFF on input line 6300.
Package hyperref Info: Hyper index ON on input line 6303.
Package hyperref Info: backreferencing OFF on input line 6310.
Package hyperref Info: Link coloring ON on input line 6313.
Package hyperref Info: Link coloring with OCG OFF on input line 6320.
Package hyperref Info: PDF/A mode OFF on input line 6325.
LaTeX Info: Redefining \ref on input line 6365.
LaTeX Info: Redefining \pageref on input line 6369.
\Hy@abspage=\count156
\c@Item=\count157
\c@Hfootnote=\count158
)

Package hyperref Message: Driver: hxetex.

(/usr/local/texlive/2014/texmf-dist/tex/latex/hyperref/hxetex.def
File: hxetex.def 2012/11/06 v6.83m Hyperref driver for XeTeX

(/usr/local/texlive/2014/texmf-dist/tex/generic/oberdiek/stringenc.sty
Package: stringenc 2011/12/02 v1.10 Convert strings between diff. encodings (HO
)
)
\pdfm@box=\box48
\c@Hy@AnnotLevel=\count159
\HyField@AnnotCount=\count160
\Fld@listcount=\count161
\c@bookmark@seq@number=\count162

(/usr/local/texlive/2014/texmf-dist/tex/latex/oberdiek/rerunfilecheck.sty
Package: rerunfilecheck 2011/04/15 v1.7 Rerun checks for auxiliary files (HO)
Package rerunfilecheck Info: Feature \pdfmdfivesum is not available
(rerunfilecheck)             (e.g. pdfTeX or LuaTeX with package `pdftexcmds').

(rerunfilecheck)             Therefore file contents cannot be checked efficien
tly
(rerunfilecheck)             and the loading of the package is aborted.
)
\Hy@SectionHShift=\skip62
))
(../PREAMBULE/titlEmacs.tex) (../PREAMBULE/macros.tex) (./2014emacsFR.aux

LaTeX Warning: Label `chap9sec3subsec1' multiply defined.


LaTeX Warning: Label `chap23sec10' multiply defined.


LaTeX Warning: Label `chap24sec4' multiply defined.

)
\openout1 = `2014emacsFR.aux'.

LaTeX Font Info:    Checking defaults for OML/cmm/m/it on input line 32.
LaTeX Font Info:    ... okay on input line 32.
LaTeX Font Info:    Checking defaults for T1/cmr/m/n on input line 32.
LaTeX Font Info:    ... okay on input line 32.
LaTeX Font Info:    Checking defaults for OT1/cmr/m/n on input line 32.
LaTeX Font Info:    ... okay on input line 32.
LaTeX Font Info:    Checking defaults for OMS/cmsy/m/n on input line 32.
LaTeX Font Info:    ... okay on input line 32.
LaTeX Font Info:    Checking defaults for OMX/cmex/m/n on input line 32.
LaTeX Font Info:    ... okay on input line 32.
LaTeX Font Info:    Checking defaults for U/cmr/m/n on input line 32.
LaTeX Font Info:    ... okay on input line 32.
LaTeX Font Info:    Checking defaults for EU1/lmr/m/n on input line 32.
LaTeX Font Info:    ... okay on input line 32.
LaTeX Font Info:    Checking defaults for T3/cmr/m/n on input line 32.
LaTeX Font Info:    Try loading font information for T3+cmr on input line 32.
 (/usr/local/texlive/2014/texmf-dist/tex/latex/tipa/t3cmr.fd
File: t3cmr.fd 2001/12/31 TIPA font definitions
)
LaTeX Font Info:    ... okay on input line 32.
LaTeX Font Info:    Checking defaults for PD1/pdf/m/n on input line 32.
LaTeX Font Info:    ... okay on input line 32.
LaTeX Font Info:    Checking defaults for PU/pdf/m/n on input line 32.
LaTeX Font Info:    ... okay on input line 32.

*geometry* detected driver: dvips
*geometry* verbose mode - [ preamble ] result:
* driver: dvips
* paper: a4paper
* layout: <same size as paper>
* layoutoffset:(h,v)=(0.0pt,0.0pt)
* modes: twoside 
* h-part:(L,W,R)=(71.70166pt, 418.25368pt, 107.55254pt)
* v-part:(T,H,B)=(101.40665pt, 591.5302pt, 152.11pt)
* \paperwidth=597.50787pt
* \paperheight=845.04684pt
* \textwidth=418.25368pt
* \textheight=591.5302pt
* \oddsidemargin=-0.56833pt
* \evensidemargin=35.28255pt
* \topmargin=-0.93083pt
* \headheight=12.0pt
* \headsep=18.06749pt
* \topskip=10.0pt
* \footskip=25.29494pt
* \marginparwidth=125.0pt
* \marginparsep=7.0pt
* \columnsep=10.0pt
* \skip\footins=9.0pt plus 4.0pt minus 2.0pt
* \hoffset=0.0pt
* \voffset=0.0pt
* \mag=1000
* \@twocolumnfalse
* \@twosidetrue
* \@mparswitchtrue
* \@reversemarginfalse
* (1in=72.27pt=25.4mm, 1cm=28.453pt)

.................................................
. fontspec info: "setup-math"
. 
. Adjusting the maths setup (use [no-math] to avoid this).
.................................................
\symlegacymaths=\mathgroup6
LaTeX Font Info:    Overwriting symbol font `legacymaths' in version `bold'
(Font)                  OT1/cmr/m/n --> OT1/cmr/bx/n on input line 32.
LaTeX Font Info:    Redeclaring math accent \acute on input line 32.
LaTeX Font Info:    Redeclaring math accent \grave on input line 32.
LaTeX Font Info:    Redeclaring math accent \ddot on input line 32.
LaTeX Font Info:    Redeclaring math accent \tilde on input line 32.
LaTeX Font Info:    Redeclaring math accent \bar on input line 32.
LaTeX Font Info:    Redeclaring math accent \breve on input line 32.
LaTeX Font Info:    Redeclaring math accent \check on input line 32.
LaTeX Font Info:    Redeclaring math accent \hat on input line 32.
LaTeX Font Info:    Redeclaring math accent \dot on input line 32.
LaTeX Font Info:    Redeclaring math accent \mathring on input line 32.
LaTeX Font Info:    Redeclaring math symbol \Gamma on input line 32.
LaTeX Font Info:    Redeclaring math symbol \Delta on input line 32.
LaTeX Font Info:    Redeclaring math symbol \Theta on input line 32.
LaTeX Font Info:    Redeclaring math symbol \Lambda on input line 32.
LaTeX Font Info:    Redeclaring math symbol \Xi on input line 32.
LaTeX Font Info:    Redeclaring math symbol \Pi on input line 32.
LaTeX Font Info:    Redeclaring math symbol \Sigma on input line 32.
LaTeX Font Info:    Redeclaring math symbol \Upsilon on input line 32.
LaTeX Font Info:    Redeclaring math symbol \Phi on input line 32.
LaTeX Font Info:    Redeclaring math symbol \Psi on input line 32.
LaTeX Font Info:    Redeclaring math symbol \Omega on input line 32.
LaTeX Font Info:    Redeclaring math symbol \mathdollar on input line 32.
LaTeX Font Info:    Redeclaring symbol font `operators' on input line 32.
LaTeX Font Info:    Encoding `OT1' has changed to `EU1' for symbol font
(Font)              `operators' in the math version `normal' on input line 32.
LaTeX Font Info:    Overwriting symbol font `operators' in version `normal'
(Font)                  OT1/cmr/m/n --> EU1/lmr/m/n on input line 32.
LaTeX Font Info:    Encoding `OT1' has changed to `EU1' for symbol font
(Font)              `operators' in the math version `bold' on input line 32.
LaTeX Font Info:    Overwriting symbol font `operators' in version `bold'
(Font)                  OT1/cmr/bx/n --> EU1/lmr/m/n on input line 32.
LaTeX Font Info:    Overwriting symbol font `operators' in version `normal'
(Font)                  EU1/lmr/m/n --> EU1/lmr/m/n on input line 32.
LaTeX Font Info:    Overwriting math alphabet `\mathrm' in version `normal'
(Font)                  EU1/lmr/m/n --> EU1/lmr/m/n on input line 32.
LaTeX Font Info:    Overwriting math alphabet `\mathit' in version `normal'
(Font)                  OT1/cmr/m/it --> EU1/lmr/m/it on input line 32.
LaTeX Font Info:    Overwriting math alphabet `\mathbf' in version `normal'
(Font)                  OT1/cmr/bx/n --> EU1/lmr/bx/n on input line 32.
LaTeX Font Info:    Overwriting math alphabet `\mathsf' in version `normal'
(Font)                  OT1/cmss/m/n --> EU1/lmss/m/n on input line 32.
LaTeX Font Info:    Overwriting math alphabet `\mathtt' in version `normal'
(Font)                  OT1/cmtt/m/n --> EU1/lmtt/m/n on input line 32.
LaTeX Font Info:    Overwriting symbol font `operators' in version `bold'
(Font)                  EU1/lmr/m/n --> EU1/lmr/bx/n on input line 32.
LaTeX Font Info:    Overwriting math alphabet `\mathrm' in version `bold'
(Font)                  EU1/lmr/m/n --> EU1/lmr/bx/n on input line 32.
LaTeX Font Info:    Overwriting math alphabet `\mathit' in version `bold'
(Font)                  OT1/cmr/bx/it --> EU1/lmr/bx/it on input line 32.
LaTeX Font Info:    Overwriting math alphabet `\mathsf' in version `bold'
(Font)                  OT1/cmss/bx/n --> EU1/lmss/bx/n on input line 32.
LaTeX Font Info:    Overwriting math alphabet `\mathtt' in version `bold'
(Font)                  OT1/cmtt/m/n --> EU1/lmtt/bx/n on input line 32.
\AtBeginShipoutBox=\box49
(/usr/local/texlive/2014/texmf-dist/tex/latex/graphics/color.sty
Package: color 2014/04/23 v1.1a Standard LaTeX Color (DPC)
LaTeX Info: Redefining \color on input line 76.

(/usr/local/texlive/2014/texmf-dist/tex/latex/latexconfig/color.cfg
File: color.cfg 2007/01/18 v1.5 color configuration of teTeX/TeXLive
)
Package color Info: Driver file: xetex.def on input line 137.
)
Package hyperref Info: Link coloring ON on input line 32.

(/usr/local/texlive/2014/texmf-dist/tex/latex/hyperref/nameref.sty
Package: nameref 2012/10/27 v2.43 Cross-referencing by name of section

(/usr/local/texlive/2014/texmf-dist/tex/generic/oberdiek/gettitlestring.sty
Package: gettitlestring 2010/12/03 v1.4 Cleanup title references (HO)
)
\c@section@level=\count163
)
LaTeX Info: Redefining \ref on input line 32.
LaTeX Info: Redefining \pageref on input line 32.
LaTeX Info: Redefining \nameref on input line 32.

(./2014emacsFR.out) (./2014emacsFR.out)
\@outlinefile=\write3
\openout3 = `2014emacsFR.out'.

LaTeX Font Info:    Try loading font information for U+msa on input line 36.

(/usr/local/texlive/2014/texmf-dist/tex/latex/amsfonts/umsa.fd
File: umsa.fd 2013/01/14 v3.01 AMS symbols A
)
LaTeX Font Info:    Try loading font information for U+msb on input line 36.

(/usr/local/texlive/2014/texmf-dist/tex/latex/amsfonts/umsb.fd
File: umsb.fd 2013/01/14 v3.01 AMS symbols B
) [1


] [2

]

Package hyperref Warning: Suppressing empty link on input line 57.

[1] [2

] (./2014emacsFR.toc
Overfull \hbox (0.61996pt too wide) detected at line 3
 []\EU1/lmr/m/n/10 xvii
 []


Overfull \hbox (3.39996pt too wide) detected at line 4
 []\EU1/lmr/m/n/10 xviii
 []

[3] [4] [5] [6]
LaTeX Font Info:    Try loading font information for EU1+lmtt on input line 197
.
 (/usr/local/texlive/2014/texmf-dist/tex/latex/euenc/eu1lmtt.fd
File: eu1lmtt.fd 2009/10/30 v1.6 Font defs for Latin Modern
) [7] [8] [9] [10] [11] [12] [13] [14]

LaTeX Font Warning: Font shape `EU1/lmr/bx/sc' undefined
(Font)              using `EU1/lmr/bx/n' instead on input line 584.

[15])
\tf@toc=\write4
\openout4 = `2014emacsFR.toc'.

 (./FM/preface.tex [16]

LaTeX Warning: Reference `AppG' on page xvii undefined on input line 70.


LaTeX Warning: Reference `AppF' on page xvii undefined on input line 71.


LaTeX Warning: Reference `AppF' on page xvii undefined on input line 72.

) (./FM/distribution.tex

LaTeX Warning: Reference `AppA' on page xvii undefined on input line 13.


LaTeX Warning: Reference `AppA' on page xvii undefined on input line 13.

[17]) (./FM/introduction.tex) [18] (./MAIN/CHAPS_1-9/CHAP_1/TOS.tex
Chapitre 1.
[1


] (/Volumes/DATA/GEEK/MANUALS/EMACS/MAIN/CHAPS_1-9/CHAP_1/SECTIONS_1/sec1.tex) 
(/Volumes/DATA/GEEK/MANUALS/EMACS/MAIN/CHAPS_1-9/CHAP_1/SECTIONS_1/sec2.tex
[2])
(/Volumes/DATA/GEEK/MANUALS/EMACS/MAIN/CHAPS_1-9/CHAP_1/SECTIONS_1/sec3.tex
[3])
(/Volumes/DATA/GEEK/MANUALS/EMACS/MAIN/CHAPS_1-9/CHAP_1/SECTIONS_1/sec4.tex
[4])) (./MAIN/CHAPS_1-9/CHAP_2/CKC.tex [5] [6

]
Chapitre 2.
(/Volumes/DATA/GEEK/MANUALS/EMACS/MAIN/CHAPS_1-9/CHAP_2/SECTIONS_2/sec1.tex
[7])
(/Volumes/DATA/GEEK/MANUALS/EMACS/MAIN/CHAPS_1-9/CHAP_2/SECTIONS_2/sec2.tex)
(/Volumes/DATA/GEEK/MANUALS/EMACS/MAIN/CHAPS_1-9/CHAP_2/SECTIONS_2/sec3.tex
[8])) (./MAIN/CHAPS_1-9/CHAP_3/EEE.tex [9] [10

]
Chapitre 3.
(/Volumes/DATA/GEEK/MANUALS/EMACS/MAIN/CHAPS_1-9/CHAP_3/SECTIONS_3/sec1.tex
[11])
(/Volumes/DATA/GEEK/MANUALS/EMACS/MAIN/CHAPS_1-9/CHAP_3/SECTIONS_3/sec2.tex
LaTeX Font Info:    Font shape `EU1/lmtt/bx/n' in size <10> not available
(Font)              Font shape `EU1/lmtt/b/n' tried instead on input line 3.

[12])) (./MAIN/CHAPS_1-9/CHAP_4/BEC.tex [13] [14

]
Chapitre 4.
(/Volumes/DATA/GEEK/MANUALS/EMACS/MAIN/CHAPS_1-9/CHAP_4/SECTIONS_4/sec1.tex
[15]
Overfull \hbox (50.97743pt too wide) in paragraph at lines 56--60
[]\EU1/lmr/m/n/10 Pour utiliser le décimal ou l’hexadécimal au lieu de l’octal,
 définissez la variable \EU1/lmtt/m/n/10 read-quoted-char-radix
 []

) (/Volumes/DATA/GEEK/MANUALS/EMACS/MAIN/CHAPS_1-9/CHAP_4/SECTIONS_4/sec2.tex

LaTeX Warning: Reference `chap19sec20' on page 16 undefined on input line 24.


LaTeX Warning: Reference `chap19sec20' on page 16 undefined on input line 25.


LaTeX Warning: Reference `chap19sec20' on page 16 undefined on input line 30.


LaTeX Warning: Reference `chap19sec20' on page 16 undefined on input line 31.

[16]

LaTeX Warning: Reference `chap19sec20' on page 17 undefined on input line 52.


LaTeX Warning: Reference `chap19sec20' on page 17 undefined on input line 53.


LaTeX Warning: Reference `chap19sec20' on page 17 undefined on input line 59.


LaTeX Warning: Reference `chap19sec20' on page 17 undefined on input line 60.


Overfull \hbox (55.15747pt too wide) in paragraph at lines 80--84
[]\EU1/lmr/m/n/10 défile l’affichage de l’écran vers l’avant, et déplace le poi
nt sur l’écran si nécessaire (\EU1/lmtt/m/n/10 scroll-up-command\EU1/lmr/m/n/10
 ).
 []

[17])
(/Volumes/DATA/GEEK/MANUALS/EMACS/MAIN/CHAPS_1-9/CHAP_4/SECTIONS_4/sec3.tex
Overfull \hbox (43.57747pt too wide) in paragraph at lines 5--7
[]\EU1/lmr/m/n/10 efface le caractère avant le point, ou la région si elle a ét
é sélectionnée (\EU1/lmtt/m/n/10 delete-backward-char\EU1/lmr/m/n/10 ). 
 []

[18]
Overfull \hbox (21.82747pt too wide) in paragraph at lines 7--9
[]\EU1/lmr/m/n/10 efface le caractère après le point, ou la région si elle a ét
é sélectionnée (\EU1/lmtt/m/n/10 delete-forward-char\EU1/lmr/m/n/10 ). 
 []

) (/Volumes/DATA/GEEK/MANUALS/EMACS/MAIN/CHAPS_1-9/CHAP_4/SECTIONS_4/sec4.tex
[19])
(/Volumes/DATA/GEEK/MANUALS/EMACS/MAIN/CHAPS_1-9/CHAP_4/SECTIONS_4/sec5.tex)
(/Volumes/DATA/GEEK/MANUALS/EMACS/MAIN/CHAPS_1-9/CHAP_4/SECTIONS_4/sec6.tex)
(/Volumes/DATA/GEEK/MANUALS/EMACS/MAIN/CHAPS_1-9/CHAP_4/SECTIONS_4/sec7.tex
Overfull \hbox (50.51633pt too wide) in paragraph at lines 9--11
[]\EU1/lmr/m/n/10 ne supprime pas tout mais une parmi plusieurs lignes blanches
 consécutives (\EU1/lmtt/m/n/10 delete-blank-lines\EU1/lmr/m/n/10 ). 
 []

[20])
(/Volumes/DATA/GEEK/MANUALS/EMACS/MAIN/CHAPS_1-9/CHAP_4/SECTIONS_4/sec8.tex)
(/Volumes/DATA/GEEK/MANUALS/EMACS/MAIN/CHAPS_1-9/CHAP_4/SECTIONS_4/sec9.tex
Underfull \vbox (badness 4403) has occurred while \output is active []

 [21]
Overfull \hbox (4.36858pt too wide) in paragraph at lines 13--17
[]\EU1/lmr/m/n/10 affiche le nombre de lignes, mots, et caractères présents dan
s la région (\EU1/lmtt/m/n/10 count-words-region\EU1/lmr/m/n/10 ).
 []

[22])
(/Volumes/DATA/GEEK/MANUALS/EMACS/MAIN/CHAPS_1-9/CHAP_4/SECTIONS_4/sec10.tex
[23])
(/Volumes/DATA/GEEK/MANUALS/EMACS/MAIN/CHAPS_1-9/CHAP_4/SECTIONS_4/sec11.tex
[24])) (./MAIN/CHAPS_1-9/CHAP_5/TM.tex
Chapitre 5.
(/Volumes/DATA/GEEK/MANUALS/EMACS/MAIN/CHAPS_1-9/CHAP_5/SECTIONS_5/sec1.tex)
(/Volumes/DATA/GEEK/MANUALS/EMACS/MAIN/CHAPS_1-9/CHAP_5/SECTIONS_5/sec2.tex
[25

]

LaTeX Warning: Reference `AppGsec5' on page 26 undefined on input line 56.


LaTeX Warning: Reference `AppGsec5' on page 26 undefined on input line 57.

) (/Volumes/DATA/GEEK/MANUALS/EMACS/MAIN/CHAPS_1-9/CHAP_5/SECTIONS_5/sec3.tex
[26])
(/Volumes/DATA/GEEK/MANUALS/EMACS/MAIN/CHAPS_1-9/CHAP_5/SECTIONS_5/sec4.tex
[27]
Underfull \hbox (badness 10000) in paragraph at lines 65--69
[]|\EU1/lmr/m/n/10 Complète jusqu’à un mot du texte du minitampon avant le poin
t
 []


Underfull \hbox (badness 1087) in paragraph at lines 65--69
\EU1/lmr/m/n/10 (\EU1/lmtt/m/n/10 minibuffer-complete-word\EU1/lmr/m/n/10 ). Ce
tte commande n’est pas disponible pour des
 []


Overfull \hbox (6.38216pt too wide) in paragraph at lines 61--76
[][] 
 []

[28]
Underfull \hbox (badness 3679) in paragraph at lines 100--102
[]|\EU1/lmr/m/n/10 Cliquer sur le bouton 1 ou 2 sur une complétion alternative 
la choisis
 []


Overfull \hbox (27.38216pt too wide) in paragraph at lines 98--119
[][] 
 []

[29] [30]
Overfull \hbox (50.21745pt too wide) in paragraph at lines 263--273
\EU1/lmr/m/n/10 noms de tampons, les différences de casse sont ignorées si la v
ariable \EU1/lmtt/m/n/10 read-buffer-completion-ignore-case
 []

[31])
(/Volumes/DATA/GEEK/MANUALS/EMACS/MAIN/CHAPS_1-9/CHAP_5/SECTIONS_5/sec5.tex
Underfull \hbox (badness 10000) in paragraph at lines 15--17
[]|\EU1/lmr/m/n/10 Déplacez à l’élément suivant dans l’historique du mini-tampo
n
 []


Overfull \hbox (34.76451pt too wide) in paragraph at lines 9--24
 [] 
 []

[32]
Overfull \hbox (1.20299pt too wide) in paragraph at lines 70--77
[]\EU1/lmr/m/n/10 Emacs conserve des listes d’historique séparées pour plusieur
s types d’arguments. Par exemple,
 []

) (/Volumes/DATA/GEEK/MANUALS/EMACS/MAIN/CHAPS_1-9/CHAP_5/SECTIONS_5/sec6.tex
Overfull \hbox (87.26451pt too wide) in paragraph at lines 11--18
 [] 
 []

) (/Volumes/DATA/GEEK/MANUALS/EMACS/MAIN/CHAPS_1-9/CHAP_5/SECTIONS_5/sec7.tex
[33])
(/Volumes/DATA/GEEK/MANUALS/EMACS/MAIN/CHAPS_1-9/CHAP_5/SECTIONS_5/sec8.tex))
(./MAIN/CHAPS_1-9/CHAP_6/RCN.tex [34] [35] [36

]
Chapitre 6.
[37]) (./MAIN/CHAPS_1-9/CHAP_7/Help.tex [38]
Chapitre 7.

Overfull \hbox (39.57114pt too wide) in paragraph at lines 24--44
[][] 
 []

[39

]
Underfull \hbox (badness 3590) in paragraph at lines 66--69
\EU1/lmr/m/n/10 mineurs en premier, puis ceux des modes majeurs
 []


Underfull \hbox (badness 10000) in paragraph at lines 78--80
[]|\EU1/lmr/m/n/10 Affiche le tampon \EU1/lmtt/m/n/10 *Messages*
 []


Underfull \hbox (badness 7522) in paragraph at lines 95--97
[]|\EU1/lmr/m/n/10 Affiche une description des 300 dernières touches
 []


Underfull \hbox (badness 4254) in paragraph at lines 98--100
[]|\EU1/lmr/m/n/10 Affiche la documentation du mode majeur courant
 []


Underfull \hbox (badness 10000) in paragraph at lines 101--103
[]|\EU1/lmr/m/n/10 Affiche les changements récents dans Emacs
 []


Underfull \hbox (badness 10000) in paragraph at lines 104--108
[]|\EU1/lmr/m/n/10 Trouve les paquetages par sujet de raccourci
 []


Underfull \hbox (badness 2359) in paragraph at lines 114--119
[]|\EU1/lmr/m/n/10 Affiche le contenu de la table de syntaxe courante
 []


Underfull \hbox (badness 10000) in paragraph at lines 120--122
[]|\EU1/lmr/m/n/10 Entre dans le tutoriel interactif de Emacs
 []


Underfull \hbox (badness 6063) in paragraph at lines 123--125
[]|\EU1/lmr/m/n/10 Affiche la documentation de la variable Lisp var
 []


Underfull \hbox (badness 10000) in paragraph at lines 130--132
[]|\EU1/lmr/m/n/10 Décrit le système d’encodage \EU1/lmr/m/it/10 coding
 []


Underfull \hbox (badness 10000) in paragraph at lines 139--141
[]|\EU1/lmr/m/n/10 Décrit la méthode de saisie \EU1/lmr/m/it/10 method
 []


Underfull \hbox (badness 1728) in paragraph at lines 145--149
[]|\EU1/lmr/m/n/10 Affiche des informations sur les ensembles de carac-
 []


Underfull \hbox (badness 1112) in paragraph at lines 145--149
\EU1/lmr/m/n/10 tères, systèmes d’encodage, et méthode de saisie uti-
 []


Underfull \hbox (badness 4024) in paragraph at lines 145--149
\EU1/lmr/m/n/10 lisées dans l’environnement de langage \EU1/lmr/m/it/10 languag
e-env
 []

[40]
Overfull \vbox (3.4698pt too high) has occurred while \output is active []


[41]
(/Volumes/DATA/GEEK/MANUALS/EMACS/MAIN/CHAPS_1-9/CHAP_7/SECTIONS_7/sec1.tex)
(/Volumes/DATA/GEEK/MANUALS/EMACS/MAIN/CHAPS_1-9/CHAP_7/SECTIONS_7/sec2.tex
[42])
Overfull \hbox (93.1557pt too wide) in paragraph at lines 53--163
[]\EU1/lmr/m/n/10 Pour trouver une documentation de commande dans un manuel, ut
ilisez \EU1/lmtt/m/n/10 C-h F (Info-goto-emacs-command-node)\EU1/lmr/m/n/10 .
 []

(/Volumes/DATA/GEEK/MANUALS/EMACS/MAIN/CHAPS_1-9/CHAP_7/SECTIONS_7/sec3.tex
[43])
(/Volumes/DATA/GEEK/MANUALS/EMACS/MAIN/CHAPS_1-9/CHAP_7/SECTIONS_7/sec4.tex
Underfull \hbox (badness 2042) in paragraph at lines 11--13
[]|\EU1/lmr/m/n/10 Déplace le point vers l’avant jusqu’au prochain lien
 []

[44])
(/Volumes/DATA/GEEK/MANUALS/EMACS/MAIN/CHAPS_1-9/CHAP_7/SECTIONS_7/sec5.tex)
(/Volumes/DATA/GEEK/MANUALS/EMACS/MAIN/CHAPS_1-9/CHAP_7/SECTIONS_7/sec6.tex)
(/Volumes/DATA/GEEK/MANUALS/EMACS/MAIN/CHAPS_1-9/CHAP_7/SECTIONS_7/sec7.tex)
(/Volumes/DATA/GEEK/MANUALS/EMACS/MAIN/CHAPS_1-9/CHAP_7/SECTIONS_7/sec8.tex)
(/Volumes/DATA/GEEK/MANUALS/EMACS/MAIN/CHAPS_1-9/CHAP_7/SECTIONS_7/sec9.tex))
(./MAIN/CHAPS_1-9/CHAP_8/TMR.tex [45] [46

]
Chapitre 8.
) (./MAIN/CHAPS_1-9/CHAP_9/KMT.tex [47] [48

]
Chapitre 9.
) (./MAIN/CHAPS_10-19/CHAP_10/R.tex [49] [50

]
Chapitre 10.
) (./MAIN/CHAPS_10-19/CHAP_11/CD.tex [51] [52

]
Chapitre 11.
) (./MAIN/CHAPS_10-19/CHAP_12/SR.tex
Underfull \vbox (badness 10000) has occurred while \output is active []

 [53]
Overfull \vbox (228.36305pt too high) has occurred while \output is active []


[54]
Chapitre 12.
) (./MAIN/CHAPS_10-19/CHAP_13/CFT.tex
Underfull \vbox (badness 10000) has occurred while \output is active []

 [55

]
Overfull \vbox (133.71408pt too high) has occurred while \output is active []


[56]
Chapitre 13.
) (./MAIN/CHAPS_10-19/CHAP_14/KM.tex [57

] [58

]
Chapitre 14.
) (./MAIN/CHAPS_10-19/CHAP_15/FH.tex [59] [60

]
Chapitre 15.
) (./MAIN/CHAPS_10-19/CHAP_16/UMB.tex
Underfull \vbox (badness 10000) has occurred while \output is active []

 [61]
Overfull \vbox (315.74345pt too high) has occurred while \output is active []


[62]
Chapitre 16.
) (./MAIN/CHAPS_10-19/CHAP_17/MW.tex [63

] [64

]
Chapitre 17.
LaTeX Font Info:    Font shape `EU1/lmtt/bx/n' in size <12> not available
(Font)              Font shape `EU1/lmtt/b/n' tried instead on input line 10.
) (./MAIN/CHAPS_10-19/CHAP_18/FGD.tex [65] [66

]
Chapitre 18.
) (./MAIN/CHAPS_10-19/CHAP_19/ICSS.tex
Underfull \vbox (badness 10000) has occurred while \output is active []

 [67]
Overfull \vbox (143.98949pt too high) has occurred while \output is active []


[68]
Chapitre 19.

LaTeX Warning: Reference `chap19sec20' on page 69 undefined on input line 38.


LaTeX Warning: Reference `chap19sec20' on page 69 undefined on input line 39.

[69

] [70]
Overfull \hbox (11.0239pt too wide) in paragraph at lines 153--176
 [] 
 []

) (./MAIN/CHAPS_20-29/CHAP_20/MM.tex
Underfull \vbox (badness 1502) has occurred while \output is active []

 [71]
[72]
Chapitre 20.
) (./MAIN/CHAPS_20-29/CHAP_21/I.tex [73

] [74

]
Chapitre 21.
) (./MAIN/CHAPS_20-29/CHAP_22/CHL.tex [75] [76

]
Chapitre 22.

Underfull \vbox (badness 10000) has occurred while \output is active []

 [77]
Overfull \hbox (39.72858pt too wide) in paragraph at lines 107--111
[]\EU1/lmr/m/n/10 En outre, voir la section [][]4.9[][] [Infos de position], pa
ge [][]22[][] pour les commandes \EU1/lmtt/m/n/10 M-= \EU1/lmr/m/n/10 (\EU1/lmt
t/m/n/10 count-words-region\EU1/lmr/m/n/10 )
 []


Underfull \vbox (badness 10000) has occurred while \output is active []

 [78]
[79]
Overfull \hbox (61.10056pt too wide) in paragraph at lines 187--204
 [] 
 []

[80]
Overfull \hbox (44.91296pt too wide) in paragraph at lines 269--291
[]\EU1/lmr/m/n/10 Il y a deux commandes de contrôle de la correspondance des ac
colades. \EU1/lmtt/m/n/10 C-j \EU1/lmr/m/n/10 (\EU1/lmtt/m/n/10 tex-terminate-p
aragraph\EU1/lmr/m/n/10 )
 []

Package shortvrb Info: Made  a short reference for \verb on input line 313.

Underfull \hbox (badness 10000) in paragraph at lines 325--328
[]|\EU1/lmr/m/n/10 ferme le bloc L[]T[]X le plus encapsulé pas encre fermé
 []

[81]

LaTeX Warning: Reference `chap31sec3subsec2' on page 82 undefined on input line
 464.


LaTeX Warning: Reference `chap31sec3subsec2' on page 82 undefined on input line
 465.

[82]
Overfull \hbox (16.17189pt too wide) in paragraph at lines 533--541
\EU1/lmr/m/n/10 nées et prépare les références citées pour la bibliographie. La
 commande \EU1/lmtt/m/n/10 C- c TAB \EU1/lmr/m/n/10 (\EU1/lmtt/m/n/10 tex-bibte
x-file\EU1/lmr/m/n/10 )
 []

[83]
Overfull \hbox (15.18985pt too wide) in paragraph at lines 567--570
[]\EU1/lmr/m/n/10 Les commandes \EU1/lmtt/m/n/10 M-x iso-iso2tex, M-x iso-tex2i
so, M-x iso-iso2gtex \EU1/lmr/m/n/10 et \EU1/lmtt/m/n/10 M-x iso-gtex2iso
 []

) (./MAIN/CHAPS_20-29/CHAP_23/EP.tex [84]
Chapitre 23.
) (./MAIN/CHAPS_20-29/CHAP_24/CTP.tex
Underfull \vbox (badness 10000) has occurred while \output is active []

 [85

]
Overfull \vbox (396.74144pt too high) has occurred while \output is active []


[86]
Chapitre 24.
) (./MAIN/CHAPS_20-29/CHAP_25/MLP.tex
Underfull \vbox (badness 10000) has occurred while \output is active []

 [87

]
Overfull \vbox (173.35127pt too high) has occurred while \output is active []


[88]
Chapitre 25.
) (./MAIN/CHAPS_20-29/CHAP_26/A.tex
Underfull \vbox (badness 10000) has occurred while \output is active []

 [89

]
Overfull \vbox (382.19023pt too high) has occurred while \output is active []


[90]
Chapitre 26.
) (./MAIN/CHAPS_20-29/CHAP_27/DDE.tex [91

] [92

]
Chapitre 27.
LaTeX Font Info:    Font shape `EU1/lmtt/bx/n' in size <14.4> not available
(Font)              Font shape `EU1/lmtt/b/n' tried instead on input line 17.
) (./MAIN/CHAPS_20-29/CHAP_28/TCD.tex
Underfull \vbox (badness 10000) has occurred while \output is active []

 [93]
Overfull \vbox (88.1635pt too high) has occurred while \output is active []


[94]
Chapitre 28.
) (./MAIN/CHAPS_20-29/CHAP_29/SM.tex
Underfull \vbox (badness 10000) has occurred while \output is active []

 [95

]
Overfull \vbox (222.62526pt too high) has occurred while \output is active []


[96]
Chapitre 29.
) (./MAIN/CHAPS_30-34/CHAP_30/RMR.tex [97

] [98

]
Chapitre 30.
) (./MAIN/CHAPS_30-34/CHAP_31/MC.tex
Underfull \vbox (badness 10000) has occurred while \output is active []

 [99]
Overfull \vbox (200.74606pt too high) has occurred while \output is active []


[100]
Chapitre 31.
) (./MAIN/CHAPS_30-34/CHAP_32/ELP.tex
Underfull \vbox (badness 10000) has occurred while \output is active []

 [101

]
Overfull \vbox (526.54842pt too high) has occurred while \output is active []


[102]
Chapitre 32.
) (./MAIN/CHAPS_30-34/CHAP_33/C.tex [103

] [104

]
Chapitre 33.
) (./MAIN/CHAPS_30-34/CHAP_34/DCP.tex
Underfull \vbox (badness 10000) has occurred while \output is active []

 [105]
Overfull \vbox (305.21565pt too high) has occurred while \output is active []


[106]
Chapitre 34.
) (./APP/APPA.tex
Underfull \vbox (badness 10000) has occurred while \output is active []

 [107

]
Overfull \vbox (19.25252pt too high) has occurred while \output is active []


[108]
Annexe A.
) (./APP/APPB.tex [109

] [110

]
Annexe B.
) (./APP/APPC.tex [111] [112

]
Annexe C.
) (./APP/APPD.tex
Underfull \vbox (badness 10000) has occurred while \output is active []

 [113]
Overfull \vbox (42.7151pt too high) has occurred while \output is active []


Overfull \hbox (22.61754pt too wide) has occurred while \output is active
\EU1/lmr/m/n/10 114 \EU1/lmr/m/sl/10 ANNEXE C.  ARGUMENTS DE LIGNE DE COMMANDES
 POUR INVOCATION PAR EMACS
 []

[114]
Annexe D.
) (./APP/APPE.tex [115

] [116

]
Annexe E.
) (./APP/APPF.tex [117] [118

]
Annexe F.

LaTeX Warning: Reference `AppFsec4' on page 119 undefined on input line 20.


LaTeX Warning: Reference `AppFsec3' on page 119 undefined on input line 29.

[119]
Overfull \hbox (9.06747pt too wide) in paragraph at lines 96--98
[]\EU1/lmr/m/n/10 Très utile dans ce contexte, la liste complète des face est o
btenue avec \EU1/lmtt/m/n/10 M-x list-faces-display\EU1/lmr/m/n/10 . 
 []


Overfull \hbox (2.14635pt too wide) in paragraph at lines 102--104
[]\EU1/lmr/m/n/10 Les options de personnalisation suivantes sont spécifiques à 
Nextstep \EU1/lmtt/m/n/10 ns-auto-hide-menu-bar 
 []

[120]
Overfull \hbox (72.783pt too wide) in paragraph at lines 139--144
\EU1/lmr/m/n/10 le fichier. Emacs gère en visitant ce fichier et en soulignant 
la ligne demandée \EU1/lmtt/m/n/10 (ns-open-file-select-line)\EU1/lmr/m/n/10 . 

 []

) (./APP/APPG.tex [121] [122

]
Annexe G.
) [123] [124

] (./BM/TGM.tex) (./BM/G.tex [125

] [126

]) (./BM/KCI.tex [127]
[128

]) (./BM/CFI.tex [129] [130

]) (./BM/VI.tex [131] [132

]) (./BM/CI.tex
[133] [134

])
Package atveryend Info: Empty hook `BeforeClearDocument' on input line 151.
 [135]
Package atveryend Info: Empty hook `AfterLastShipout' on input line 151.
 (./2014emacsFR.aux)
Package atveryend Info: Empty hook `AtVeryEndDocument' on input line 151.
Package atveryend Info: Empty hook `AtEndAfterFileList' on input line 151.


LaTeX Font Warning: Some font shapes were not available, defaults substituted.


LaTeX Warning: There were undefined references.


LaTeX Warning: There were multiply-defined labels.

 ) 
Here is how much of TeX's memory you used:
 23778 strings out of 493734
 431330 string characters out of 6146348
 662025 words of memory out of 5000000
 26594 multiletter control sequences out of 15000+600000
 10576 words of font info for 70 fonts, out of 8000000 for 9000
 1328 hyphenation exceptions out of 8191
 48i,11n,43p,10420b,465s stack positions out of 5000i,500n,10000p,200000b,80000s

Output written on 2014emacsFR.pdf (155 pages).
